This is pdfTeX, Version 3.141592653-2.6-1.40.25 (MiKTeX 24.1) (preloaded format=pdflatex 2025.1.22)  3 APR 2025 14:25
entering extended mode
 restricted \write18 enabled.
 file:line:error style messages enabled.
 %&-line parsing enabled.
**"c:/Users/joao.brito/Desktop/Tese Joao/Tese Joao/thesis.tex"
(c:/Users/joao.brito/Desktop/Tese Joao/Tese Joao/thesis.tex
LaTeX2e <2023-11-01> patch level 1
L3 programming layer <2024-01-04>
(C:\Users\joao.brito\AppData\Local\Programs\MiKTeX\tex/latex/base\book.cls
Document Class: book 2023/05/17 v1.4n Standard LaTeX document class
(C:\Users\joao.brito\AppData\Local\Programs\MiKTeX\tex/latex/base\bk11.clo
File: bk11.clo 2023/05/17 v1.4n Standard LaTeX file (size option)
)
\c@part=\count187
\c@chapter=\count188
\c@section=\count189
\c@subsection=\count190
\c@subsubsection=\count191
\c@paragraph=\count192
\c@subparagraph=\count193
\c@figure=\count194
\c@table=\count195
\abovecaptionskip=\skip48
\belowcaptionskip=\skip49
\bibindent=\dimen140
) (C:\Users\joao.brito\AppData\Local\Programs\MiKTeX\tex/latex/natbib\natbib.sty
Package: natbib 2010/09/13 8.31b (PWD, AO)
\bibhang=\skip50
\bibsep=\skip51
LaTeX Info: Redefining \cite on input line 694.
\c@NAT@ctr=\count196
) (C:\Users\joao.brito\AppData\Local\Programs\MiKTeX\tex/generic/babel\babel.sty
Package: babel 2024/01/07 v24.1 The Babel package
\babel@savecnt=\count197
\U@D=\dimen141
\l@unhyphenated=\language79
 (C:\Users\joao.brito\AppData\Local\Programs\MiKTeX\tex/generic/babel\txtbabel.def)
\bbl@readstream=\read2
\bbl@dirlevel=\count198

*************************************
* Local config file bblopts.cfg used
*
(C:\Users\joao.brito\AppData\Local\Programs\MiKTeX\tex/latex/arabi\bblopts.cfg
File: bblopts.cfg 2005/09/08 v0.1 add Arabic and Farsi to "declared" options of babel
) (C:\Users\joao.brito\AppData\Local\Programs\MiKTeX\tex/latex/babel-english\UKenglish.ldf
Language: UKenglish 2017/06/06 v3.3r English support from the babel system
 (C:\Users\joao.brito\AppData\Local\Programs\MiKTeX\tex/latex/babel-english\english.ldf
Language: english 2017/06/06 v3.3r English support from the babel system
Package babel Info: Hyphen rules for 'canadian' set to \l@english
(babel)             (\language0). Reported on input line 102.
Package babel Info: Hyphen rules for 'australian' set to \l@ukenglish
(babel)             (\language73). Reported on input line 105.
Package babel Info: Hyphen rules for 'newzealand' set to \l@ukenglish
(babel)             (\language73). Reported on input line 108.
))) (C:\Users\joao.brito\AppData\Local\Programs\MiKTeX\tex/generic/babel/locale/en\babel-ukenglish.tex
Package babel Info: Importing font and identification data for UKenglish
(babel)             from babel-en-GB.ini. Reported on input line 11.
) (upthesis.sty (C:\Users\joao.brito\AppData\Local\Programs\MiKTeX\tex/latex/base\inputenc.sty
Package: inputenc 2021/02/14 v1.3d Input encoding file
\inpenc@prehook=\toks17
\inpenc@posthook=\toks18
) (C:\Users\joao.brito\AppData\Local\Programs\MiKTeX\tex/latex/base\fontenc.sty
Package: fontenc 2021/04/29 v2.0v Standard LaTeX package
) (C:\Users\joao.brito\AppData\Local\Programs\MiKTeX\tex/latex/float\float.sty
Package: float 2001/11/08 v1.3d Float enhancements (AL)
\c@float@type=\count199
\float@exts=\toks19
\float@box=\box51
\@float@everytoks=\toks20
\@floatcapt=\box52
) (C:\Users\joao.brito\AppData\Local\Programs\MiKTeX\tex/latex/graphics\graphicx.sty
Package: graphicx 2021/09/16 v1.2d Enhanced LaTeX Graphics (DPC,SPQR)
 (C:\Users\joao.brito\AppData\Local\Programs\MiKTeX\tex/latex/graphics\keyval.sty
Package: keyval 2022/05/29 v1.15 key=value parser (DPC)
\KV@toks@=\toks21
) (C:\Users\joao.brito\AppData\Local\Programs\MiKTeX\tex/latex/graphics\graphics.sty
Package: graphics 2022/03/10 v1.4e Standard LaTeX Graphics (DPC,SPQR)
 (C:\Users\joao.brito\AppData\Local\Programs\MiKTeX\tex/latex/graphics\trig.sty
Package: trig 2021/08/11 v1.11 sin cos tan (DPC)
) (C:\Users\joao.brito\AppData\Local\Programs\MiKTeX\tex/latex/graphics-cfg\graphics.cfg
File: graphics.cfg 2016/06/04 v1.11 sample graphics configuration
)
Package graphics Info: Driver file: pdftex.def on input line 107.
 (C:\Users\joao.brito\AppData\Local\Programs\MiKTeX\tex/latex/graphics-def\pdftex.def
File: pdftex.def 2022/09/22 v1.2b Graphics/color driver for pdftex
))
\Gin@req@height=\dimen142
\Gin@req@width=\dimen143
) (C:\Users\joao.brito\AppData\Local\Programs\MiKTeX\tex/latex/graphics\color.sty
Package: color 2022/01/06 v1.3d Standard LaTeX Color (DPC)
 (C:\Users\joao.brito\AppData\Local\Programs\MiKTeX\tex/latex/graphics-cfg\color.cfg
File: color.cfg 2016/01/02 v1.6 sample color configuration
)
Package color Info: Driver file: pdftex.def on input line 149.
 (C:\Users\joao.brito\AppData\Local\Programs\MiKTeX\tex/latex/graphics\dvipsnam.def
File: dvipsnam.def 2016/06/17 v3.0m Driver-dependent file (DPC,SPQR)
) (C:\Users\joao.brito\AppData\Local\Programs\MiKTeX\tex/latex/graphics\mathcolor.ltx)) (C:\Users\joao.brito\AppData\Local\Programs\MiKTeX\tex/latex/colortbl\colortbl.sty
Package: colortbl 2024/07/06 v1.0i Color table columns (DPC)
 (C:\Users\joao.brito\AppData\Local\Programs\MiKTeX\tex/latex/tools\array.sty
Package: array 2023/10/16 v2.5g Tabular extension package (FMi)
\col@sep=\dimen144
\ar@mcellbox=\box53
\extrarowheight=\dimen145
\NC@list=\toks22
\extratabsurround=\skip52
\backup@length=\skip53
\ar@cellbox=\box54
)
\everycr=\toks23
\minrowclearance=\skip54
\rownum=\count266
) (C:\Users\joao.brito\AppData\Local\Programs\MiKTeX\tex/latex/tools\tabularx.sty
Package: tabularx 2023/07/08 v2.11c `tabularx' package (DPC)
\TX@col@width=\dimen146
\TX@old@table=\dimen147
\TX@old@col=\dimen148
\TX@target=\dimen149
\TX@delta=\dimen150
\TX@cols=\count267
\TX@ftn=\toks24
) (C:\Users\joao.brito\AppData\Local\Programs\MiKTeX\tex/latex/tools\multicol.sty
Package: multicol 2023/03/30 v1.9f multicolumn formatting (FMi)
\c@tracingmulticols=\count268
\mult@box=\box55
\multicol@leftmargin=\dimen151
\c@unbalance=\count269
\c@collectmore=\count270
\doublecol@number=\count271
\multicoltolerance=\count272
\multicolpretolerance=\count273
\full@width=\dimen152
\page@free=\dimen153
\premulticols=\dimen154
\postmulticols=\dimen155
\multicolsep=\skip55
\multicolbaselineskip=\skip56
\partial@page=\box56
\last@line=\box57
\mc@boxedresult=\box58
\maxbalancingoverflow=\dimen156
\mult@rightbox=\box59
\mult@grightbox=\box60
\mult@firstbox=\box61
\mult@gfirstbox=\box62
\@tempa=\box63
\@tempa=\box64
\@tempa=\box65
\@tempa=\box66
\@tempa=\box67
\@tempa=\box68
\@tempa=\box69
\@tempa=\box70
\@tempa=\box71
\@tempa=\box72
\@tempa=\box73
\@tempa=\box74
\@tempa=\box75
\@tempa=\box76
\@tempa=\box77
\@tempa=\box78
\@tempa=\box79
\@tempa=\box80
\@tempa=\box81
\@tempa=\box82
\@tempa=\box83
\@tempa=\box84
\@tempa=\box85
\@tempa=\box86
\@tempa=\box87
\@tempa=\box88
\@tempa=\box89
\@tempa=\box90
\@tempa=\box91
\@tempa=\box92
\@tempa=\box93
\@tempa=\box94
\@tempa=\box95
\@tempa=\box96
\@tempa=\box97
\@tempa=\box98
\c@minrows=\count274
\c@columnbadness=\count275
\c@finalcolumnbadness=\count276
\last@try=\dimen157
\multicolovershoot=\dimen158
\multicolundershoot=\dimen159
\mult@nat@firstbox=\box99
\colbreak@box=\box100
\mc@col@check@num=\count277
) (C:\Users\joao.brito\AppData\Local\Programs\MiKTeX\tex/latex/multirow\multirow.sty
Package: multirow 2024/11/12 v2.9 Span multiple rows of a table
\multirow@colwidth=\skip57
\multirow@cntb=\count278
\multirow@dima=\skip58
\bigstrutjot=\dimen160
) (C:\Users\joao.brito\AppData\Local\Programs\MiKTeX\tex/latex/graphics\rotating.sty
Package: rotating 2016/08/11 v2.16d rotated objects in LaTeX
 (C:\Users\joao.brito\AppData\Local\Programs\MiKTeX\tex/latex/base\ifthen.sty
Package: ifthen 2022/04/13 v1.1d Standard LaTeX ifthen package (DPC)
)
\c@r@tfl@t=\count279
\rotFPtop=\skip59
\rotFPbot=\skip60
\rot@float@box=\box101
\rot@mess@toks=\toks25
) (C:\Users\joao.brito\AppData\Local\Programs\MiKTeX\tex/latex/threeparttable\threeparttable.sty
Package: threeparttable 2003/06/13  v 3.0
\@tempboxb=\box102
) (C:\Users\joao.brito\AppData\Local\Programs\MiKTeX\tex/latex/listings\listings.sty
\lst@mode=\count280
\lst@gtempboxa=\box103
\lst@token=\toks26
\lst@length=\count281
\lst@currlwidth=\dimen161
\lst@column=\count282
\lst@pos=\count283
\lst@lostspace=\dimen162
\lst@width=\dimen163
\lst@newlines=\count284
\lst@lineno=\count285
\lst@maxwidth=\dimen164
 (C:\Users\joao.brito\AppData\Local\Programs\MiKTeX\tex/latex/listings\lstmisc.sty
File: lstmisc.sty 2023/02/27 1.9 (Carsten Heinz)
\c@lstnumber=\count286
\lst@skipnumbers=\count287
\lst@framebox=\box104
) (C:\Users\joao.brito\AppData\Local\Programs\MiKTeX\tex/latex/listings\listings.cfg
File: listings.cfg 2023/02/27 1.9 listings configuration
))
Package: listings 2023/02/27 1.9 (Carsten Heinz)
 (C:\Users\joao.brito\AppData\Local\Programs\MiKTeX\tex/latex/paralist\paralist.sty
Package: paralist 2017/01/22 v2.7 Extended list environments
\pltopsep=\skip61
\plpartopsep=\skip62
\plitemsep=\skip63
\plparsep=\skip64
\pl@lab=\toks27
) (C:\Users\joao.brito\AppData\Local\Programs\MiKTeX\tex/latex/microtype\microtype.sty
Package: microtype 2024/12/12 v3.2 Micro-typographical refinements (RS)
 (C:\Users\joao.brito\AppData\Local\Programs\MiKTeX\tex/latex/etoolbox\etoolbox.sty
Package: etoolbox 2020/10/05 v2.5k e-TeX tools for LaTeX (JAW)
\etb@tempcnta=\count288
)
\MT@toks=\toks28
\MT@tempbox=\box105
\MT@count=\count289
LaTeX Info: Redefining \noprotrusionifhmode on input line 1075.
LaTeX Info: Redefining \leftprotrusion on input line 1076.
\MT@prot@toks=\toks29
LaTeX Info: Redefining \rightprotrusion on input line 1095.
LaTeX Info: Redefining \textls on input line 1437.
\MT@outer@kern=\dimen165
LaTeX Info: Redefining \microtypecontext on input line 2041.
LaTeX Info: Redefining \textmicrotypecontext on input line 2058.
\MT@listname@count=\count290
 (C:\Users\joao.brito\AppData\Local\Programs\MiKTeX\tex/latex/microtype\microtype-pdftex.def
File: microtype-pdftex.def 2024/12/12 v3.2 Definitions specific to pdftex (RS)
LaTeX Info: Redefining \lsstyle on input line 944.
LaTeX Info: Redefining \lslig on input line 944.
\MT@outer@space=\skip65
)
Package microtype Info: Loading configuration file microtype.cfg.
 (C:\Users\joao.brito\AppData\Local\Programs\MiKTeX\tex/latex/microtype\microtype.cfg
File: microtype.cfg 2024/12/12 v3.2 microtype main configuration file (RS)
)
LaTeX Info: Redefining \microtypesetup on input line 3053.
) (C:\Users\joao.brito\AppData\Local\Programs\MiKTeX\tex/latex/lm\lmodern.sty
Package: lmodern 2015/05/01 v1.6.1 Latin Modern Fonts
LaTeX Font Info:    Overwriting symbol font `operators' in version `normal'
(Font)                  OT1/cmr/m/n --> OT1/lmr/m/n on input line 22.
LaTeX Font Info:    Overwriting symbol font `letters' in version `normal'
(Font)                  OML/cmm/m/it --> OML/lmm/m/it on input line 23.
LaTeX Font Info:    Overwriting symbol font `symbols' in version `normal'
(Font)                  OMS/cmsy/m/n --> OMS/lmsy/m/n on input line 24.
LaTeX Font Info:    Overwriting symbol font `largesymbols' in version `normal'
(Font)                  OMX/cmex/m/n --> OMX/lmex/m/n on input line 25.
LaTeX Font Info:    Overwriting symbol font `operators' in version `bold'
(Font)                  OT1/cmr/bx/n --> OT1/lmr/bx/n on input line 26.
LaTeX Font Info:    Overwriting symbol font `letters' in version `bold'
(Font)                  OML/cmm/b/it --> OML/lmm/b/it on input line 27.
LaTeX Font Info:    Overwriting symbol font `symbols' in version `bold'
(Font)                  OMS/cmsy/b/n --> OMS/lmsy/b/n on input line 28.
LaTeX Font Info:    Overwriting symbol font `largesymbols' in version `bold'
(Font)                  OMX/cmex/m/n --> OMX/lmex/m/n on input line 29.
LaTeX Font Info:    Overwriting math alphabet `\mathbf' in version `normal'
(Font)                  OT1/cmr/bx/n --> OT1/lmr/bx/n on input line 31.
LaTeX Font Info:    Overwriting math alphabet `\mathsf' in version `normal'
(Font)                  OT1/cmss/m/n --> OT1/lmss/m/n on input line 32.
LaTeX Font Info:    Overwriting math alphabet `\mathit' in version `normal'
(Font)                  OT1/cmr/m/it --> OT1/lmr/m/it on input line 33.
LaTeX Font Info:    Overwriting math alphabet `\mathtt' in version `normal'
(Font)                  OT1/cmtt/m/n --> OT1/lmtt/m/n on input line 34.
LaTeX Font Info:    Overwriting math alphabet `\mathbf' in version `bold'
(Font)                  OT1/cmr/bx/n --> OT1/lmr/bx/n on input line 35.
LaTeX Font Info:    Overwriting math alphabet `\mathsf' in version `bold'
(Font)                  OT1/cmss/bx/n --> OT1/lmss/bx/n on input line 36.
LaTeX Font Info:    Overwriting math alphabet `\mathit' in version `bold'
(Font)                  OT1/cmr/bx/it --> OT1/lmr/bx/it on input line 37.
LaTeX Font Info:    Overwriting math alphabet `\mathtt' in version `bold'
(Font)                  OT1/cmtt/m/n --> OT1/lmtt/m/n on input line 38.
) (C:\Users\joao.brito\AppData\Local\Programs\MiKTeX\tex/latex/psnfss\courier.sty
Package: courier 2020/03/25 PSNFSS-v9.3 (WaS) 
) (C:\Users\joao.brito\AppData\Local\Programs\MiKTeX\tex/latex/base\fix-cm.sty
Package: fix-cm 2020/11/24 v1.1t fixes to LaTeX
 (C:\Users\joao.brito\AppData\Local\Programs\MiKTeX\tex/latex/base\ts1enc.def
File: ts1enc.def 2001/06/05 v3.0e (jk/car/fm) Standard LaTeX file
LaTeX Font Info:    Redeclaring font encoding TS1 on input line 47.
)) (C:\Users\joao.brito\AppData\Local\Programs\MiKTeX\tex/latex/amsfonts\amsfonts.sty
Package: amsfonts 2013/01/14 v3.01 Basic AMSFonts support
\@emptytoks=\toks30
\symAMSa=\mathgroup4
\symAMSb=\mathgroup5
LaTeX Font Info:    Redeclaring math symbol \hbar on input line 98.
LaTeX Font Info:    Overwriting math alphabet `\mathfrak' in version `bold'
(Font)                  U/euf/m/n --> U/euf/b/n on input line 106.
) (C:\Users\joao.brito\AppData\Local\Programs\MiKTeX\tex/latex/amsmath\amsmath.sty
Package: amsmath 2023/05/13 v2.17o AMS math features
\@mathmargin=\skip66

For additional information on amsmath, use the `?' option.
(C:\Users\joao.brito\AppData\Local\Programs\MiKTeX\tex/latex/amsmath\amstext.sty
Package: amstext 2021/08/26 v2.01 AMS text
 (C:\Users\joao.brito\AppData\Local\Programs\MiKTeX\tex/latex/amsmath\amsgen.sty
File: amsgen.sty 1999/11/30 v2.0 generic functions
\@emptytoks=\toks31
\ex@=\dimen166
)) (C:\Users\joao.brito\AppData\Local\Programs\MiKTeX\tex/latex/amsmath\amsbsy.sty
Package: amsbsy 1999/11/29 v1.2d Bold Symbols
\pmbraise@=\dimen167
) (C:\Users\joao.brito\AppData\Local\Programs\MiKTeX\tex/latex/amsmath\amsopn.sty
Package: amsopn 2022/04/08 v2.04 operator names
)
\inf@bad=\count291
LaTeX Info: Redefining \frac on input line 234.
\uproot@=\count292
\leftroot@=\count293
LaTeX Info: Redefining \overline on input line 399.
LaTeX Info: Redefining \colon on input line 410.
\classnum@=\count294
\DOTSCASE@=\count295
LaTeX Info: Redefining \ldots on input line 496.
LaTeX Info: Redefining \dots on input line 499.
LaTeX Info: Redefining \cdots on input line 620.
\Mathstrutbox@=\box106
\strutbox@=\box107
LaTeX Info: Redefining \big on input line 722.
LaTeX Info: Redefining \Big on input line 723.
LaTeX Info: Redefining \bigg on input line 724.
LaTeX Info: Redefining \Bigg on input line 725.
\big@size=\dimen168
LaTeX Font Info:    Redeclaring font encoding OML on input line 743.
LaTeX Font Info:    Redeclaring font encoding OMS on input line 744.
\macc@depth=\count296
LaTeX Info: Redefining \bmod on input line 905.
LaTeX Info: Redefining \pmod on input line 910.
LaTeX Info: Redefining \smash on input line 940.
LaTeX Info: Redefining \relbar on input line 970.
LaTeX Info: Redefining \Relbar on input line 971.
\c@MaxMatrixCols=\count297
\dotsspace@=\muskip16
\c@parentequation=\count298
\dspbrk@lvl=\count299
\tag@help=\toks32
\row@=\count300
\column@=\count301
\maxfields@=\count302
\andhelp@=\toks33
\eqnshift@=\dimen169
\alignsep@=\dimen170
\tagshift@=\dimen171
\tagwidth@=\dimen172
\totwidth@=\dimen173
\lineht@=\dimen174
\@envbody=\toks34
\multlinegap=\skip67
\multlinetaggap=\skip68
\mathdisplay@stack=\toks35
LaTeX Info: Redefining \[ on input line 2953.
LaTeX Info: Redefining \] on input line 2954.
) (C:\Users\joao.brito\AppData\Local\Programs\MiKTeX\tex/latex/acronym\acronym.sty
Package: acronym 2025/01/17 v1.50 Support for acronyms (Tobias Oetiker)
 (C:\Users\joao.brito\AppData\Local\Programs\MiKTeX\tex/latex/bigfoot\suffix.sty
Package: suffix 2006/07/15 1.5a Variant command support
) (C:\Users\joao.brito\AppData\Local\Programs\MiKTeX\tex/latex/xstring\xstring.sty (C:\Users\joao.brito\AppData\Local\Programs\MiKTeX\tex/generic/xstring\xstring.tex
\xs_counta=\count303
\xs_countb=\count304
)
Package: xstring 2023/08/22 v1.86 String manipulations (CT)
)
\AC@clearlist=\toks36
) (C:\Users\joao.brito\AppData\Local\Programs\MiKTeX\tex/latex/lipsum\lipsum.sty (C:\Users\joao.brito\AppData\Local\Programs\MiKTeX\tex/latex/l3packages/l3keys2e\l3keys2e.sty (C:\Users\joao.brito\AppData\Local\Programs\MiKTeX\tex/latex/l3kernel\expl3.sty
Package: expl3 2024-01-04 L3 programming layer (loader) 
 (C:\Users\joao.brito\AppData\Local\Programs\MiKTeX\tex/latex/l3backend\l3backend-pdftex.def
File: l3backend-pdftex.def 2024-01-04 L3 backend support: PDF output (pdfTeX)
\l__color_backend_stack_int=\count305
\l__pdf_internal_box=\box108
))
Package: l3keys2e 2023-10-10 LaTeX2e option processing using LaTeX3 keys
)
Package: lipsum 2021-09-20 v2.7 150 paragraphs of Lorem Ipsum dummy text
\g__lipsum_par_int=\count306
\l__lipsum_a_int=\count307
\l__lipsum_b_int=\count308
 (C:\Users\joao.brito\AppData\Local\Programs\MiKTeX\tex/latex/lipsum\lipsum.ltd.tex)) (C:\Users\joao.brito\AppData\Local\Programs\MiKTeX\tex/latex/url\url.sty
\Urlmuskip=\muskip17
Package: url 2013/09/16  ver 3.4  Verb mode for urls, etc.
) (C:\Users\joao.brito\AppData\Local\Programs\MiKTeX\tex/latex/titlesec\titlesec.sty
Package: titlesec 2025/01/04 v2.17 Sectioning titles
\ttl@box=\box109
\beforetitleunit=\skip69
\aftertitleunit=\skip70
\ttl@plus=\dimen175
\ttl@minus=\dimen176
\ttl@toksa=\toks37
\titlewidth=\dimen177
\titlewidthlast=\dimen178
\titlewidthfirst=\dimen179
) (C:\Users\joao.brito\AppData\Local\Programs\MiKTeX\tex/latex/fancyhdr\fancyhdr.sty
Package: fancyhdr 2025/01/07 v5.1.1 Extensive control of page headers and footers
\f@nch@headwidth=\skip71
\f@nch@offset@elh=\skip72
\f@nch@offset@erh=\skip73
\f@nch@offset@olh=\skip74
\f@nch@offset@orh=\skip75
\f@nch@offset@elf=\skip76
\f@nch@offset@erf=\skip77
\f@nch@offset@olf=\skip78
\f@nch@offset@orf=\skip79
\f@nch@height=\skip80
\f@nch@footalignment=\skip81
\f@nch@widthL=\skip82
\f@nch@widthC=\skip83
\f@nch@widthR=\skip84
\@temptokenb=\toks38
)) (C:\Users\joao.brito\AppData\Local\Programs\MiKTeX\tex/latex/tablefootnote\tablefootnote.sty
Package: tablefootnote 2014/01/26 v1.1c Table foot notes (HMM)
 (C:\Users\joao.brito\AppData\Local\Programs\MiKTeX\tex/generic/ltxcmds\ltxcmds.sty
Package: ltxcmds 2023-12-04 v1.26 LaTeX kernel commands for general use (HO)
) (C:\Users\joao.brito\AppData\Local\Programs\MiKTeX\tex/latex/letltxmacro\letltxmacro.sty
Package: letltxmacro 2019/12/03 v1.6 Let assignment for LaTeX macros (HO)
) (C:\Users\joao.brito\AppData\Local\Programs\MiKTeX\tex/latex/xifthen\xifthen.sty
Package: xifthen 2015/11/05 v1.4.0 Extended ifthen features
 (C:\Users\joao.brito\AppData\Local\Programs\MiKTeX\tex/latex/tools\calc.sty
Package: calc 2023/07/08 v4.3 Infix arithmetic (KKT,FJ)
\calc@Acount=\count309
\calc@Bcount=\count310
\calc@Adimen=\dimen180
\calc@Bdimen=\dimen181
\calc@Askip=\skip85
\calc@Bskip=\skip86
LaTeX Info: Redefining \setlength on input line 80.
LaTeX Info: Redefining \addtolength on input line 81.
\calc@Ccount=\count311
\calc@Cskip=\skip87
) (C:\Users\joao.brito\AppData\Local\Programs\MiKTeX\tex/latex/ifmtarg\ifmtarg.sty
Package: ifmtarg 2018/04/16 v1.2b check for an empty argument
))) (C:\Users\joao.brito\AppData\Local\Programs\MiKTeX\tex/latex/epigraph\epigraph.sty
Package: epigraph 2020/01/02 v1.5e typesetting epigraphs
 (C:\Users\joao.brito\AppData\Local\Programs\MiKTeX\tex/latex/nextpage\nextpage.sty
Package: nextpage 2009/09/03 v1.1a additional page commands
)
\beforeepigraphskip=\skip88
\afterepigraphskip=\skip89
\epigraphwidth=\skip90
\epigraphrule=\skip91
) (C:\Users\joao.brito\AppData\Local\Programs\MiKTeX\tex/latex/varwidth\varwidth.sty
Package: varwidth 2009/03/30 ver 0.92;  Variable-width minipages
\@vwid@box=\box110
\sift@deathcycles=\count312
\@vwid@loff=\dimen182
\@vwid@roff=\dimen183
) (C:\Users\joao.brito\AppData\Local\Programs\MiKTeX\tex/latex/caption\subcaption.sty
Package: subcaption 2023/07/28 v1.6b Sub-captions (AR)
 (C:\Users\joao.brito\AppData\Local\Programs\MiKTeX\tex/latex/caption\caption.sty
Package: caption 2023/08/05 v3.6o Customizing captions (AR)
 (C:\Users\joao.brito\AppData\Local\Programs\MiKTeX\tex/latex/caption\caption3.sty
Package: caption3 2023/07/31 v2.4d caption3 kernel (AR)
\caption@tempdima=\dimen184
\captionmargin=\dimen185
\caption@leftmargin=\dimen186
\caption@rightmargin=\dimen187
\caption@width=\dimen188
\caption@indent=\dimen189
\caption@parindent=\dimen190
\caption@hangindent=\dimen191
Package caption Info: Standard document class detected.
)
\c@caption@flags=\count313
\c@continuedfloat=\count314
Package caption Info: float package is loaded.
Package caption Info: listings package is loaded.
Package caption Info: rotating package is loaded.
Package caption Info: threeparttable package is loaded.
)
Package caption Info: New subtype `subfigure' on input line 238.
\c@subfigure=\count315
Package caption Info: New subtype `subtable' on input line 238.
\c@subtable=\count316
) (C:\Users\joao.brito\AppData\Local\Programs\MiKTeX\tex/latex/ragged2e\ragged2e.sty
Package: ragged2e 2023/06/22 v3.6 ragged2e Package
\CenteringLeftskip=\skip92
\RaggedLeftLeftskip=\skip93
\RaggedRightLeftskip=\skip94
\CenteringRightskip=\skip95
\RaggedLeftRightskip=\skip96
\RaggedRightRightskip=\skip97
\CenteringParfillskip=\skip98
\RaggedLeftParfillskip=\skip99
\RaggedRightParfillskip=\skip100
\JustifyingParfillskip=\skip101
\CenteringParindent=\skip102
\RaggedLeftParindent=\skip103
\RaggedRightParindent=\skip104
\JustifyingParindent=\skip105
) (C:\Users\joao.brito\AppData\Local\Programs\MiKTeX\tex/latex/tools\longtable.sty
Package: longtable 2023-11-01 v4.19 Multi-page Table package (DPC)
\LTleft=\skip106
\LTright=\skip107
\LTpre=\skip108
\LTpost=\skip109
\LTchunksize=\count317
\LTcapwidth=\dimen192
\LT@head=\box111
\LT@firsthead=\box112
\LT@foot=\box113
\LT@lastfoot=\box114
\LT@gbox=\box115
\LT@cols=\count318
\LT@rows=\count319
\c@LT@tables=\count320
\c@LT@chunks=\count321
\LT@p@ftn=\toks39
) (C:\Users\joao.brito\AppData\Local\Programs\MiKTeX\tex/latex/hyperref\hyperref.sty
Package: hyperref 2023-11-26 v7.01g Hypertext links for LaTeX
 (C:\Users\joao.brito\AppData\Local\Programs\MiKTeX\tex/generic/iftex\iftex.sty
Package: iftex 2022/02/03 v1.0f TeX engine tests
) (C:\Users\joao.brito\AppData\Local\Programs\MiKTeX\tex/generic/infwarerr\infwarerr.sty
Package: infwarerr 2019/12/03 v1.5 Providing info/warning/error messages (HO)
) (C:\Users\joao.brito\AppData\Local\Programs\MiKTeX\tex/latex/kvsetkeys\kvsetkeys.sty
Package: kvsetkeys 2022-10-05 v1.19 Key value parser (HO)
) (C:\Users\joao.brito\AppData\Local\Programs\MiKTeX\tex/generic/kvdefinekeys\kvdefinekeys.sty
Package: kvdefinekeys 2019-12-19 v1.6 Define keys (HO)
) (C:\Users\joao.brito\AppData\Local\Programs\MiKTeX\tex/generic/pdfescape\pdfescape.sty
Package: pdfescape 2019/12/09 v1.15 Implements pdfTeX's escape features (HO)
 (C:\Users\joao.brito\AppData\Local\Programs\MiKTeX\tex/generic/pdftexcmds\pdftexcmds.sty
Package: pdftexcmds 2020-06-27 v0.33 Utility functions of pdfTeX for LuaTeX (HO)
Package pdftexcmds Info: \pdf@primitive is available.
Package pdftexcmds Info: \pdf@ifprimitive is available.
Package pdftexcmds Info: \pdfdraftmode found.
)) (C:\Users\joao.brito\AppData\Local\Programs\MiKTeX\tex/latex/hycolor\hycolor.sty
Package: hycolor 2020-01-27 v1.10 Color options for hyperref/bookmark (HO)
) (C:\Users\joao.brito\AppData\Local\Programs\MiKTeX\tex/latex/auxhook\auxhook.sty
Package: auxhook 2019-12-17 v1.6 Hooks for auxiliary files (HO)
) (C:\Users\joao.brito\AppData\Local\Programs\MiKTeX\tex/latex/hyperref\nameref.sty
Package: nameref 2023-11-26 v2.56 Cross-referencing by name of section
 (C:\Users\joao.brito\AppData\Local\Programs\MiKTeX\tex/latex/refcount\refcount.sty
Package: refcount 2019/12/15 v3.6 Data extraction from label references (HO)
) (C:\Users\joao.brito\AppData\Local\Programs\MiKTeX\tex/generic/gettitlestring\gettitlestring.sty
Package: gettitlestring 2019/12/15 v1.6 Cleanup title references (HO)
 (C:\Users\joao.brito\AppData\Local\Programs\MiKTeX\tex/latex/kvoptions\kvoptions.sty
Package: kvoptions 2022-06-15 v3.15 Key value format for package options (HO)
))
\c@section@level=\count322
)
\@linkdim=\dimen193
\Hy@linkcounter=\count323
\Hy@pagecounter=\count324
 (C:\Users\joao.brito\AppData\Local\Programs\MiKTeX\tex/latex/hyperref\pd1enc.def
File: pd1enc.def 2023-11-26 v7.01g Hyperref: PDFDocEncoding definition (HO)
Now handling font encoding PD1 ...
... no UTF-8 mapping file for font encoding PD1
) (C:\Users\joao.brito\AppData\Local\Programs\MiKTeX\tex/generic/intcalc\intcalc.sty
Package: intcalc 2019/12/15 v1.3 Expandable calculations with integers (HO)
)
\Hy@SavedSpaceFactor=\count325
 (C:\Users\joao.brito\AppData\Local\Programs\MiKTeX\tex/latex/hyperref\puenc.def
File: puenc.def 2023-11-26 v7.01g Hyperref: PDF Unicode definition (HO)
Now handling font encoding PU ...
... no UTF-8 mapping file for font encoding PU
)
Package hyperref Info: Option `pdfpagelabels' set `false' on input line 4064.
Package hyperref Info: Hyper figures OFF on input line 4181.
Package hyperref Info: Link nesting OFF on input line 4186.
Package hyperref Info: Hyper index ON on input line 4189.
Package hyperref Info: Plain pages OFF on input line 4196.
Package hyperref Info: Backreferencing OFF on input line 4201.
Package hyperref Info: Implicit mode ON; LaTeX internals redefined.
Package hyperref Info: Bookmarks ON on input line 4448.
\c@Hy@tempcnt=\count326
LaTeX Info: Redefining \url on input line 4786.
\XeTeXLinkMargin=\dimen194
 (C:\Users\joao.brito\AppData\Local\Programs\MiKTeX\tex/generic/bitset\bitset.sty
Package: bitset 2019/12/09 v1.3 Handle bit-vector datatype (HO)
 (C:\Users\joao.brito\AppData\Local\Programs\MiKTeX\tex/generic/bigintcalc\bigintcalc.sty
Package: bigintcalc 2019/12/15 v1.5 Expandable calculations on big integers (HO)
))
\Fld@menulength=\count327
\Field@Width=\dimen195
\Fld@charsize=\dimen196
Package hyperref Info: Hyper figures OFF on input line 6065.
Package hyperref Info: Link nesting OFF on input line 6070.
Package hyperref Info: Hyper index ON on input line 6073.
Package hyperref Info: backreferencing OFF on input line 6080.
Package hyperref Info: Link coloring OFF on input line 6085.
Package hyperref Info: Link coloring with OCG OFF on input line 6090.
Package hyperref Info: PDF/A mode OFF on input line 6095.
 (C:\Users\joao.brito\AppData\Local\Programs\MiKTeX\tex/latex/base\atbegshi-ltx.sty
Package: atbegshi-ltx 2021/01/10 v1.0c Emulation of the original atbegshi
package with kernel methods
)
\c@Item=\count328
\c@Hfootnote=\count329
)
Package hyperref Info: Driver (autodetected): hpdftex.
 (C:\Users\joao.brito\AppData\Local\Programs\MiKTeX\tex/latex/hyperref\hpdftex.def
File: hpdftex.def 2023-11-26 v7.01g Hyperref driver for pdfTeX
\Fld@listcount=\count330
\c@bookmark@seq@number=\count331
 (C:\Users\joao.brito\AppData\Local\Programs\MiKTeX\tex/latex/rerunfilecheck\rerunfilecheck.sty
Package: rerunfilecheck 2022-07-10 v1.10 Rerun checks for auxiliary files (HO)
 (C:\Users\joao.brito\AppData\Local\Programs\MiKTeX\tex/latex/base\atveryend-ltx.sty
Package: atveryend-ltx 2020/08/19 v1.0a Emulation of the original atveryend package
with kernel methods
) (C:\Users\joao.brito\AppData\Local\Programs\MiKTeX\tex/generic/uniquecounter\uniquecounter.sty
Package: uniquecounter 2019/12/15 v1.4 Provide unlimited unique counter (HO)
)
Package uniquecounter Info: New unique counter `rerunfilecheck' on input line 285.
)
\Hy@SectionHShift=\skip110
)
Package hyperref Info: Option `bookmarksnumbered' set `true' on input line 76.
Package hyperref Info: Option `plainpages' set `false' on input line 76.
Package hyperref Info: Option `colorlinks' set `true' on input line 76.
Package hyperref Info: Option `breaklinks' set `true' on input line 76.
 (C:\Users\joao.brito\AppData\Local\Programs\MiKTeX\tex/latex/setspace\setspace.sty
Package: setspace 2022/12/04 v6.7b set line spacing
) (C:\Users\joao.brito\AppData\Local\Programs\MiKTeX\tex/latex/arydshln\arydshln.sty
Package: arydshln 2019/02/21 v1.76 
\dashlinedash=\dimen197
\dashlinegap=\dimen198
\adl@box=\box116
\adl@height=\dimen199
\adl@heightsave=\dimen256
\adl@depth=\dimen257
\adl@depthsave=\dimen258
\adl@finaldepth=\dimen259
\adl@columns=\count332
\adl@ncol=\count333
\adl@currentcolumn=\count334
\adl@currentcolumnsave=\count335
\adl@totalheight=\count336
\adl@totalheightsave=\count337
\adl@dash=\count338
\adl@gap=\count339
\adl@cla=\count340
\adl@clb=\count341
\adl@everyvbox=\toks40
\adl@LTpagetotal=\dimen260
) (C:\Users\joao.brito\AppData\Local\Programs\MiKTeX\tex/latex/pdfpages\pdfpages.sty
Package: pdfpages 2024/10/28 v0.6c Insert pages of external PDF documents (AM)
 (C:\Users\joao.brito\AppData\Local\Programs\MiKTeX\tex/latex/eso-pic\eso-pic.sty
Package: eso-pic 2023/05/03 v3.0c eso-pic (RN)
\ESO@tempdima=\dimen261
\ESO@tempdimb=\dimen262
)
\AM@pagewidth=\dimen263
\AM@pageheight=\dimen264
\AM@fboxrule=\dimen265
 (C:\Users\joao.brito\AppData\Local\Programs\MiKTeX\tex/latex/pdfpages\pppdftex.def
File: pppdftex.def 2024/10/28 v0.6c Pdfpages driver for pdfTeX (AM)
)
\pdfpages@includegraphics@status=\count342
\AM@pagebox=\box117
\AM@global@opts=\toks41
\AM@pagecnt=\count343
\AM@toc@title=\toks42
\AM@lof@heading=\toks43
\c@AM@survey=\count344
\AM@templatesizebox=\box118
) (C:\Users\joao.brito\AppData\Local\Programs\MiKTeX\tex/generic/genmisc\nth.sty
Package: nth 2002/02/27
)
Package hyperref Info: Option `colorlinks' set `true' on input line 99.
 (C:\Users\joao.brito\AppData\Local\Programs\MiKTeX\tex/latex/pgf/frontendlayer\tikz.sty (C:\Users\joao.brito\AppData\Local\Programs\MiKTeX\tex/latex/pgf/basiclayer\pgf.sty (C:\Users\joao.brito\AppData\Local\Programs\MiKTeX\tex/latex/pgf/utilities\pgfrcs.sty (C:\Users\joao.brito\AppData\Local\Programs\MiKTeX\tex/generic/pgf/utilities\pgfutil-common.tex
\pgfutil@everybye=\toks44
\pgfutil@tempdima=\dimen266
\pgfutil@tempdimb=\dimen267
) (C:\Users\joao.brito\AppData\Local\Programs\MiKTeX\tex/generic/pgf/utilities\pgfutil-latex.def
\pgfutil@abb=\box119
) (C:\Users\joao.brito\AppData\Local\Programs\MiKTeX\tex/generic/pgf/utilities\pgfrcs.code.tex (C:\Users\joao.brito\AppData\Local\Programs\MiKTeX\tex/generic/pgf\pgf.revision.tex)
Package: pgfrcs 2023-01-15 v3.1.10 (3.1.10)
))
Package: pgf 2023-01-15 v3.1.10 (3.1.10)
 (C:\Users\joao.brito\AppData\Local\Programs\MiKTeX\tex/latex/pgf/basiclayer\pgfcore.sty (C:\Users\joao.brito\AppData\Local\Programs\MiKTeX\tex/latex/pgf/systemlayer\pgfsys.sty (C:\Users\joao.brito\AppData\Local\Programs\MiKTeX\tex/generic/pgf/systemlayer\pgfsys.code.tex
Package: pgfsys 2023-01-15 v3.1.10 (3.1.10)
 (C:\Users\joao.brito\AppData\Local\Programs\MiKTeX\tex/generic/pgf/utilities\pgfkeys.code.tex
\pgfkeys@pathtoks=\toks45
\pgfkeys@temptoks=\toks46
 (C:\Users\joao.brito\AppData\Local\Programs\MiKTeX\tex/generic/pgf/utilities\pgfkeyslibraryfiltered.code.tex
\pgfkeys@tmptoks=\toks47
))
\pgf@x=\dimen268
\pgf@y=\dimen269
\pgf@xa=\dimen270
\pgf@ya=\dimen271
\pgf@xb=\dimen272
\pgf@yb=\dimen273
\pgf@xc=\dimen274
\pgf@yc=\dimen275
\pgf@xd=\dimen276
\pgf@yd=\dimen277
\w@pgf@writea=\write3
\r@pgf@reada=\read3
\c@pgf@counta=\count345
\c@pgf@countb=\count346
\c@pgf@countc=\count347
\c@pgf@countd=\count348
\t@pgf@toka=\toks48
\t@pgf@tokb=\toks49
\t@pgf@tokc=\toks50
\pgf@sys@id@count=\count349
 (C:\Users\joao.brito\AppData\Local\Programs\MiKTeX\tex/generic/pgf/systemlayer\pgf.cfg
File: pgf.cfg 2023-01-15 v3.1.10 (3.1.10)
)
Driver file for pgf: pgfsys-pdftex.def
 (C:\Users\joao.brito\AppData\Local\Programs\MiKTeX\tex/generic/pgf/systemlayer\pgfsys-pdftex.def
File: pgfsys-pdftex.def 2023-01-15 v3.1.10 (3.1.10)
 (C:\Users\joao.brito\AppData\Local\Programs\MiKTeX\tex/generic/pgf/systemlayer\pgfsys-common-pdf.def
File: pgfsys-common-pdf.def 2023-01-15 v3.1.10 (3.1.10)
))) (C:\Users\joao.brito\AppData\Local\Programs\MiKTeX\tex/generic/pgf/systemlayer\pgfsyssoftpath.code.tex
File: pgfsyssoftpath.code.tex 2023-01-15 v3.1.10 (3.1.10)
\pgfsyssoftpath@smallbuffer@items=\count350
\pgfsyssoftpath@bigbuffer@items=\count351
) (C:\Users\joao.brito\AppData\Local\Programs\MiKTeX\tex/generic/pgf/systemlayer\pgfsysprotocol.code.tex
File: pgfsysprotocol.code.tex 2023-01-15 v3.1.10 (3.1.10)
)) (C:\Users\joao.brito\AppData\Local\Programs\MiKTeX\tex/latex/xcolor\xcolor.sty
Package: xcolor 2023/11/15 v3.01 LaTeX color extensions (UK)
 (C:\Users\joao.brito\AppData\Local\Programs\MiKTeX\tex/latex/graphics-cfg\color.cfg
File: color.cfg 2016/01/02 v1.6 sample color configuration
)
Package xcolor Info: Driver file: pdftex.def on input line 274.
LaTeX Info: Redefining \color on input line 758.
 (C:\Users\joao.brito\AppData\Local\Programs\MiKTeX\tex/latex/graphics\mathcolor.ltx)
Package xcolor Info: Model `cmy' substituted by `cmy0' on input line 1350.
Package xcolor Info: Model `hsb' substituted by `rgb' on input line 1354.
Package xcolor Info: Model `RGB' extended on input line 1366.
Package xcolor Info: Model `HTML' substituted by `rgb' on input line 1368.
Package xcolor Info: Model `Hsb' substituted by `hsb' on input line 1369.
Package xcolor Info: Model `tHsb' substituted by `hsb' on input line 1370.
Package xcolor Info: Model `HSB' substituted by `hsb' on input line 1371.
Package xcolor Info: Model `Gray' substituted by `gray' on input line 1372.
Package xcolor Info: Model `wave' substituted by `hsb' on input line 1373.
) (C:\Users\joao.brito\AppData\Local\Programs\MiKTeX\tex/generic/pgf/basiclayer\pgfcore.code.tex
Package: pgfcore 2023-01-15 v3.1.10 (3.1.10)
 (C:\Users\joao.brito\AppData\Local\Programs\MiKTeX\tex/generic/pgf/math\pgfmath.code.tex (C:\Users\joao.brito\AppData\Local\Programs\MiKTeX\tex/generic/pgf/math\pgfmathutil.code.tex) (C:\Users\joao.brito\AppData\Local\Programs\MiKTeX\tex/generic/pgf/math\pgfmathparser.code.tex
\pgfmath@dimen=\dimen278
\pgfmath@count=\count352
\pgfmath@box=\box120
\pgfmath@toks=\toks51
\pgfmath@stack@operand=\toks52
\pgfmath@stack@operation=\toks53
) (C:\Users\joao.brito\AppData\Local\Programs\MiKTeX\tex/generic/pgf/math\pgfmathfunctions.code.tex) (C:\Users\joao.brito\AppData\Local\Programs\MiKTeX\tex/generic/pgf/math\pgfmathfunctions.basic.code.tex) (C:\Users\joao.brito\AppData\Local\Programs\MiKTeX\tex/generic/pgf/math\pgfmathfunctions.trigonometric.code.tex) (C:\Users\joao.brito\AppData\Local\Programs\MiKTeX\tex/generic/pgf/math\pgfmathfunctions.random.code.tex) (C:\Users\joao.brito\AppData\Local\Programs\MiKTeX\tex/generic/pgf/math\pgfmathfunctions.comparison.code.tex) (C:\Users\joao.brito\AppData\Local\Programs\MiKTeX\tex/generic/pgf/math\pgfmathfunctions.base.code.tex) (C:\Users\joao.brito\AppData\Local\Programs\MiKTeX\tex/generic/pgf/math\pgfmathfunctions.round.code.tex) (C:\Users\joao.brito\AppData\Local\Programs\MiKTeX\tex/generic/pgf/math\pgfmathfunctions.misc.code.tex) (C:\Users\joao.brito\AppData\Local\Programs\MiKTeX\tex/generic/pgf/math\pgfmathfunctions.integerarithmetics.code.tex) (C:\Users\joao.brito\AppData\Local\Programs\MiKTeX\tex/generic/pgf/math\pgfmathcalc.code.tex) (C:\Users\joao.brito\AppData\Local\Programs\MiKTeX\tex/generic/pgf/math\pgfmathfloat.code.tex
\c@pgfmathroundto@lastzeros=\count353
)) (C:\Users\joao.brito\AppData\Local\Programs\MiKTeX\tex/generic/pgf/math\pgfint.code.tex) (C:\Users\joao.brito\AppData\Local\Programs\MiKTeX\tex/generic/pgf/basiclayer\pgfcorepoints.code.tex
File: pgfcorepoints.code.tex 2023-01-15 v3.1.10 (3.1.10)
\pgf@picminx=\dimen279
\pgf@picmaxx=\dimen280
\pgf@picminy=\dimen281
\pgf@picmaxy=\dimen282
\pgf@pathminx=\dimen283
\pgf@pathmaxx=\dimen284
\pgf@pathminy=\dimen285
\pgf@pathmaxy=\dimen286
\pgf@xx=\dimen287
\pgf@xy=\dimen288
\pgf@yx=\dimen289
\pgf@yy=\dimen290
\pgf@zx=\dimen291
\pgf@zy=\dimen292
) (C:\Users\joao.brito\AppData\Local\Programs\MiKTeX\tex/generic/pgf/basiclayer\pgfcorepathconstruct.code.tex
File: pgfcorepathconstruct.code.tex 2023-01-15 v3.1.10 (3.1.10)
\pgf@path@lastx=\dimen293
\pgf@path@lasty=\dimen294
) (C:\Users\joao.brito\AppData\Local\Programs\MiKTeX\tex/generic/pgf/basiclayer\pgfcorepathusage.code.tex
File: pgfcorepathusage.code.tex 2023-01-15 v3.1.10 (3.1.10)
\pgf@shorten@end@additional=\dimen295
\pgf@shorten@start@additional=\dimen296
) (C:\Users\joao.brito\AppData\Local\Programs\MiKTeX\tex/generic/pgf/basiclayer\pgfcorescopes.code.tex
File: pgfcorescopes.code.tex 2023-01-15 v3.1.10 (3.1.10)
\pgfpic=\box121
\pgf@hbox=\box122
\pgf@layerbox@main=\box123
\pgf@picture@serial@count=\count354
) (C:\Users\joao.brito\AppData\Local\Programs\MiKTeX\tex/generic/pgf/basiclayer\pgfcoregraphicstate.code.tex
File: pgfcoregraphicstate.code.tex 2023-01-15 v3.1.10 (3.1.10)
\pgflinewidth=\dimen297
) (C:\Users\joao.brito\AppData\Local\Programs\MiKTeX\tex/generic/pgf/basiclayer\pgfcoretransformations.code.tex
File: pgfcoretransformations.code.tex 2023-01-15 v3.1.10 (3.1.10)
\pgf@pt@x=\dimen298
\pgf@pt@y=\dimen299
\pgf@pt@temp=\dimen300
) (C:\Users\joao.brito\AppData\Local\Programs\MiKTeX\tex/generic/pgf/basiclayer\pgfcorequick.code.tex
File: pgfcorequick.code.tex 2023-01-15 v3.1.10 (3.1.10)
) (C:\Users\joao.brito\AppData\Local\Programs\MiKTeX\tex/generic/pgf/basiclayer\pgfcoreobjects.code.tex
File: pgfcoreobjects.code.tex 2023-01-15 v3.1.10 (3.1.10)
) (C:\Users\joao.brito\AppData\Local\Programs\MiKTeX\tex/generic/pgf/basiclayer\pgfcorepathprocessing.code.tex
File: pgfcorepathprocessing.code.tex 2023-01-15 v3.1.10 (3.1.10)
) (C:\Users\joao.brito\AppData\Local\Programs\MiKTeX\tex/generic/pgf/basiclayer\pgfcorearrows.code.tex
File: pgfcorearrows.code.tex 2023-01-15 v3.1.10 (3.1.10)
\pgfarrowsep=\dimen301
) (C:\Users\joao.brito\AppData\Local\Programs\MiKTeX\tex/generic/pgf/basiclayer\pgfcoreshade.code.tex
File: pgfcoreshade.code.tex 2023-01-15 v3.1.10 (3.1.10)
\pgf@max=\dimen302
\pgf@sys@shading@range@num=\count355
\pgf@shadingcount=\count356
) (C:\Users\joao.brito\AppData\Local\Programs\MiKTeX\tex/generic/pgf/basiclayer\pgfcoreimage.code.tex
File: pgfcoreimage.code.tex 2023-01-15 v3.1.10 (3.1.10)
) (C:\Users\joao.brito\AppData\Local\Programs\MiKTeX\tex/generic/pgf/basiclayer\pgfcoreexternal.code.tex
File: pgfcoreexternal.code.tex 2023-01-15 v3.1.10 (3.1.10)
\pgfexternal@startupbox=\box124
) (C:\Users\joao.brito\AppData\Local\Programs\MiKTeX\tex/generic/pgf/basiclayer\pgfcorelayers.code.tex
File: pgfcorelayers.code.tex 2023-01-15 v3.1.10 (3.1.10)
)
(C:\Users\joao.brito\AppData\Local\Programs\MiKTeX\tex/generic/pgf/basiclayer\pgfcoretransparency.code.tex
File: pgfcoretransparency.code.tex 2023-01-15 v3.1.10 (3.1.10)
) (C:\Users\joao.brito\AppData\Local\Programs\MiKTeX\tex/generic/pgf/basiclayer\pgfcorepatterns.code.tex
File: pgfcorepatterns.code.tex 2023-01-15 v3.1.10 (3.1.10)
) (C:\Users\joao.brito\AppData\Local\Programs\MiKTeX\tex/generic/pgf/basiclayer\pgfcorerdf.code.tex
File: pgfcorerdf.code.tex 2023-01-15 v3.1.10 (3.1.10)
))) (C:\Users\joao.brito\AppData\Local\Programs\MiKTeX\tex/generic/pgf/modules\pgfmoduleshapes.code.tex
File: pgfmoduleshapes.code.tex 2023-01-15 v3.1.10 (3.1.10)
\pgfnodeparttextbox=\box125
) (C:\Users\joao.brito\AppData\Local\Programs\MiKTeX\tex/generic/pgf/modules\pgfmoduleplot.code.tex
File: pgfmoduleplot.code.tex 2023-01-15 v3.1.10 (3.1.10)
) (C:\Users\joao.brito\AppData\Local\Programs\MiKTeX\tex/latex/pgf/compatibility\pgfcomp-version-0-65.sty
Package: pgfcomp-version-0-65 2023-01-15 v3.1.10 (3.1.10)
\pgf@nodesepstart=\dimen303
\pgf@nodesepend=\dimen304
) (C:\Users\joao.brito\AppData\Local\Programs\MiKTeX\tex/latex/pgf/compatibility\pgfcomp-version-1-18.sty
Package: pgfcomp-version-1-18 2023-01-15 v3.1.10 (3.1.10)
)) (C:\Users\joao.brito\AppData\Local\Programs\MiKTeX\tex/latex/pgf/utilities\pgffor.sty (C:\Users\joao.brito\AppData\Local\Programs\MiKTeX\tex/latex/pgf/utilities\pgfkeys.sty (C:\Users\joao.brito\AppData\Local\Programs\MiKTeX\tex/generic/pgf/utilities\pgfkeys.code.tex)) (C:\Users\joao.brito\AppData\Local\Programs\MiKTeX\tex/latex/pgf/math\pgfmath.sty (C:\Users\joao.brito\AppData\Local\Programs\MiKTeX\tex/generic/pgf/math\pgfmath.code.tex)) (C:\Users\joao.brito\AppData\Local\Programs\MiKTeX\tex/generic/pgf/utilities\pgffor.code.tex
Package: pgffor 2023-01-15 v3.1.10 (3.1.10)
\pgffor@iter=\dimen305
\pgffor@skip=\dimen306
\pgffor@stack=\toks54
\pgffor@toks=\toks55
)) (C:\Users\joao.brito\AppData\Local\Programs\MiKTeX\tex/generic/pgf/frontendlayer/tikz\tikz.code.tex
Package: tikz 2023-01-15 v3.1.10 (3.1.10)
 (C:\Users\joao.brito\AppData\Local\Programs\MiKTeX\tex/generic/pgf/libraries\pgflibraryplothandlers.code.tex
File: pgflibraryplothandlers.code.tex 2023-01-15 v3.1.10 (3.1.10)
\pgf@plot@mark@count=\count357
\pgfplotmarksize=\dimen307
)
\tikz@lastx=\dimen308
\tikz@lasty=\dimen309
\tikz@lastxsaved=\dimen310
\tikz@lastysaved=\dimen311
\tikz@lastmovetox=\dimen312
\tikz@lastmovetoy=\dimen313
\tikzleveldistance=\dimen314
\tikzsiblingdistance=\dimen315
\tikz@figbox=\box126
\tikz@figbox@bg=\box127
\tikz@tempbox=\box128
\tikz@tempbox@bg=\box129
\tikztreelevel=\count358
\tikznumberofchildren=\count359
\tikznumberofcurrentchild=\count360
\tikz@fig@count=\count361
 (C:\Users\joao.brito\AppData\Local\Programs\MiKTeX\tex/generic/pgf/modules\pgfmodulematrix.code.tex
File: pgfmodulematrix.code.tex 2023-01-15 v3.1.10 (3.1.10)
\pgfmatrixcurrentrow=\count362
\pgfmatrixcurrentcolumn=\count363
\pgf@matrix@numberofcolumns=\count364
)
\tikz@expandcount=\count365
 (C:\Users\joao.brito\AppData\Local\Programs\MiKTeX\tex/generic/pgf/frontendlayer/tikz/libraries\tikzlibrarytopaths.code.tex
File: tikzlibrarytopaths.code.tex 2023-01-15 v3.1.10 (3.1.10)
))) (C:\Users\joao.brito\AppData\Local\Programs\MiKTeX\tex/latex/graphics\lscape.sty
Package: lscape 2020/05/28 v3.02 Landscape Pages (DPC)
) (C:\Users\joao.brito\AppData\Local\Programs\MiKTeX\tex/latex/booktabs\booktabs.sty
Package: booktabs 2020/01/12 v1.61803398 Publication quality tables
\heavyrulewidth=\dimen316
\lightrulewidth=\dimen317
\cmidrulewidth=\dimen318
\belowrulesep=\dimen319
\belowbottomsep=\dimen320
\aboverulesep=\dimen321
\abovetopsep=\dimen322
\cmidrulesep=\dimen323
\cmidrulekern=\dimen324
\defaultaddspace=\dimen325
\@cmidla=\count366
\@cmidlb=\count367
\@aboverulesep=\dimen326
\@belowrulesep=\dimen327
\@thisruleclass=\count368
\@lastruleclass=\count369
\@thisrulewidth=\dimen328
)
LaTeX Font Info:    Trying to load font information for T1+lmr on input line 119.
 (C:\Users\joao.brito\AppData\Local\Programs\MiKTeX\tex/latex/lm\t1lmr.fd
File: t1lmr.fd 2015/05/01 v1.6.1 Font defs for Latin Modern
) (thesis.aux (Chapters/00abs.aux) (Chapters/01intro.aux) (Chapters/02stateart.aux) (Chapters/03Edge_detection.aux) (Chapters/04dof.aux) (Chapters/05vibration.aux

LaTeX Warning: Label `sec:Results' multiply defined.

) (Chapters/06interface.aux

LaTeX Warning: Label `chap:Time' multiply defined.

) (Chapters/07conclusion.aux) (Chapters/08annex.aux

LaTeX Warning: Label `fig:a2' multiply defined.


LaTeX Warning: Label `sub@fig:a2' multiply defined.


LaTeX Warning: Label `fig:b2' multiply defined.


LaTeX Warning: Label `sub@fig:b2' multiply defined.


LaTeX Warning: Label `fig:c2' multiply defined.


LaTeX Warning: Label `sub@fig:c2' multiply defined.


LaTeX Warning: Label `fig:vir_fov_cal' multiply defined.


LaTeX Warning: Label `fig:a2' multiply defined.


LaTeX Warning: Label `sub@fig:a2' multiply defined.


LaTeX Warning: Label `fig:b2' multiply defined.


LaTeX Warning: Label `sub@fig:b2' multiply defined.


LaTeX Warning: Label `fig:c2' multiply defined.


LaTeX Warning: Label `sub@fig:c2' multiply defined.


LaTeX Warning: Label `fig:vir_fov_cal' multiply defined.


LaTeX Warning: Label `fig:b2' multiply defined.


LaTeX Warning: Label `sub@fig:b2' multiply defined.


LaTeX Warning: Label `fig:c2' multiply defined.


LaTeX Warning: Label `sub@fig:c2' multiply defined.


LaTeX Warning: Label `fig:vir_fov_cal' multiply defined.


LaTeX Warning: Label `fig:a2' multiply defined.


LaTeX Warning: Label `sub@fig:a2' multiply defined.


LaTeX Warning: Label `fig:b2' multiply defined.


LaTeX Warning: Label `sub@fig:b2' multiply defined.


LaTeX Warning: Label `fig:c2' multiply defined.


LaTeX Warning: Label `sub@fig:c2' multiply defined.


LaTeX Warning: Label `fig:vir_fov_cal' multiply defined.


LaTeX Warning: Label `fig:a2' multiply defined.


LaTeX Warning: Label `sub@fig:a2' multiply defined.


LaTeX Warning: Label `fig:b2' multiply defined.


LaTeX Warning: Label `sub@fig:b2' multiply defined.


LaTeX Warning: Label `fig:c2' multiply defined.


LaTeX Warning: Label `sub@fig:c2' multiply defined.


LaTeX Warning: Label `fig:vir_fov_cal' multiply defined.


LaTeX Warning: Label `fig:a2' multiply defined.


LaTeX Warning: Label `sub@fig:a2' multiply defined.


LaTeX Warning: Label `fig:b2' multiply defined.


LaTeX Warning: Label `sub@fig:b2' multiply defined.


LaTeX Warning: Label `fig:c2' multiply defined.


LaTeX Warning: Label `sub@fig:c2' multiply defined.


LaTeX Warning: Label `fig:vir_fov_cal' multiply defined.


LaTeX Warning: Label `fig:a2' multiply defined.


LaTeX Warning: Label `sub@fig:a2' multiply defined.


LaTeX Warning: Label `fig:b2' multiply defined.


LaTeX Warning: Label `sub@fig:b2' multiply defined.


LaTeX Warning: Label `fig:c2' multiply defined.


LaTeX Warning: Label `sub@fig:c2' multiply defined.


LaTeX Warning: Label `fig:vir_fov_cal' multiply defined.


LaTeX Warning: Label `fig:a23' multiply defined.


LaTeX Warning: Label `sub@fig:a23' multiply defined.


LaTeX Warning: Label `fig:b2' multiply defined.


LaTeX Warning: Label `sub@fig:b2' multiply defined.


LaTeX Warning: Label `fig:c2' multiply defined.


LaTeX Warning: Label `sub@fig:c2' multiply defined.


LaTeX Warning: Label `fig:vir_fov_cal' multiply defined.


LaTeX Warning: Label `fig:a2' multiply defined.


LaTeX Warning: Label `sub@fig:a2' multiply defined.


LaTeX Warning: Label `fig:b2' multiply defined.


LaTeX Warning: Label `sub@fig:b2' multiply defined.


LaTeX Warning: Label `fig:c2' multiply defined.


LaTeX Warning: Label `sub@fig:c2' multiply defined.


LaTeX Warning: Label `fig:vir_fov_cal' multiply defined.


LaTeX Warning: Label `fig:a2' multiply defined.


LaTeX Warning: Label `sub@fig:a2' multiply defined.


LaTeX Warning: Label `fig:b2' multiply defined.


LaTeX Warning: Label `sub@fig:b2' multiply defined.


LaTeX Warning: Label `fig:c2' multiply defined.


LaTeX Warning: Label `sub@fig:c2' multiply defined.


LaTeX Warning: Label `fig:vir_fov_cal' multiply defined.


LaTeX Warning: Label `fig:a2' multiply defined.


LaTeX Warning: Label `sub@fig:a2' multiply defined.


LaTeX Warning: Label `fig:b2' multiply defined.


LaTeX Warning: Label `sub@fig:b2' multiply defined.


LaTeX Warning: Label `fig:c2' multiply defined.


LaTeX Warning: Label `sub@fig:c2' multiply defined.


LaTeX Warning: Label `fig:vir_fov_cal' multiply defined.


LaTeX Warning: Label `fig:a2' multiply defined.


LaTeX Warning: Label `sub@fig:a2' multiply defined.


LaTeX Warning: Label `fig:b2' multiply defined.


LaTeX Warning: Label `sub@fig:b2' multiply defined.


LaTeX Warning: Label `fig:c2' multiply defined.


LaTeX Warning: Label `sub@fig:c2' multiply defined.


LaTeX Warning: Label `fig:vir_fov_cal' multiply defined.


LaTeX Warning: Label `fig:a2' multiply defined.


LaTeX Warning: Label `sub@fig:a2' multiply defined.


LaTeX Warning: Label `fig:b2' multiply defined.


LaTeX Warning: Label `sub@fig:b2' multiply defined.


LaTeX Warning: Label `fig:c2' multiply defined.


LaTeX Warning: Label `sub@fig:c2' multiply defined.


LaTeX Warning: Label `fig:vir_fov_cal' multiply defined.

))
\openout1 = `thesis.aux'.

LaTeX Font Info:    Checking defaults for OML/cmm/m/it on input line 119.
LaTeX Font Info:    ... okay on input line 119.
LaTeX Font Info:    Checking defaults for OMS/cmsy/m/n on input line 119.
LaTeX Font Info:    ... okay on input line 119.
LaTeX Font Info:    Checking defaults for OT1/cmr/m/n on input line 119.
LaTeX Font Info:    ... okay on input line 119.
LaTeX Font Info:    Checking defaults for T1/cmr/m/n on input line 119.
LaTeX Font Info:    ... okay on input line 119.
LaTeX Font Info:    Checking defaults for TS1/cmr/m/n on input line 119.
LaTeX Font Info:    ... okay on input line 119.
LaTeX Font Info:    Checking defaults for OMX/cmex/m/n on input line 119.
LaTeX Font Info:    ... okay on input line 119.
LaTeX Font Info:    Checking defaults for U/cmr/m/n on input line 119.
LaTeX Font Info:    ... okay on input line 119.
LaTeX Font Info:    Checking defaults for PD1/pdf/m/n on input line 119.
LaTeX Font Info:    ... okay on input line 119.
LaTeX Font Info:    Checking defaults for PU/pdf/m/n on input line 119.
LaTeX Font Info:    ... okay on input line 119.
 (C:\Users\joao.brito\AppData\Local\Programs\MiKTeX\tex/context/base/mkii\supp-pdf.mkii
[Loading MPS to PDF converter (version 2006.09.02).]
\scratchcounter=\count370
\scratchdimen=\dimen329
\scratchbox=\box130
\nofMPsegments=\count371
\nofMParguments=\count372
\everyMPshowfont=\toks56
\MPscratchCnt=\count373
\MPscratchDim=\dimen330
\MPnumerator=\count374
\makeMPintoPDFobject=\count375
\everyMPtoPDFconversion=\toks57
) (C:\Users\joao.brito\AppData\Local\Programs\MiKTeX\tex/latex/epstopdf-pkg\epstopdf-base.sty
Package: epstopdf-base 2020-01-24 v2.11 Base part for package epstopdf
Package epstopdf-base Info: Redefining graphics rule for `.eps' on input line 485.
 (C:\Users\joao.brito\AppData\Local\Programs\MiKTeX\tex/latex/00miktex\epstopdf-sys.cfg
File: epstopdf-sys.cfg 2021/03/18 v2.0 Configuration of epstopdf for MiKTeX
))
\c@lstlisting=\count376
Package microtype Info: Patching varwidth to enable character protrusion.
\MT@vwid@leftmargin=\dimen331
\MT@vwid@rightmargin=\dimen332
LaTeX Info: Redefining \microtypecontext on input line 119.
Package microtype Info: Applying patch `item' on input line 119.
Package microtype Info: Applying patch `toc' on input line 119.
Package microtype Info: Applying patch `eqnum' on input line 119.


Package microtype Warning: Unable to apply patch `footnote' on input line 119.

Package microtype Info: Applying patch `verbatim' on input line 119.
LaTeX Info: Redefining \microtypesetup on input line 119.
Package microtype Info: Generating PDF output.
Package microtype Info: Character protrusion enabled (level 2).
Package microtype Info: Using default protrusion set `alltext'.
Package microtype Info: Automatic font expansion enabled (level 2),
(microtype)             stretch: 20, shrink: 20, step: 1, non-selected.
Package microtype Info: Using default expansion set `alltext-nott'.
LaTeX Info: Redefining \showhyphens on input line 119.
Package microtype Info: No adjustment of tracking.
Package microtype Info: No adjustment of interword spacing.
Package microtype Info: No adjustment of character kerning.
(C:\Users\joao.brito\AppData\Local\Programs\MiKTeX\tex/latex/microtype\mt-cmr.cfg
File: mt-cmr.cfg 2013/05/19 v2.2 microtype config. file: Computer Modern Roman (RS)
)
Package caption Info: Begin \AtBeginDocument code.
Package caption Info: hyperref package is loaded.
Package caption Info: longtable package is loaded.
 (C:\Users\joao.brito\AppData\Local\Programs\MiKTeX\tex/latex/caption\ltcaption.sty
Package: ltcaption 2021/01/08 v1.4c longtable captions (AR)
)
Package caption Info: End \AtBeginDocument code.
Package hyperref Info: Link coloring ON on input line 119.
 (thesis.out) (thesis.out)
\@outlinefile=\write4
\openout4 = `thesis.out'.

 (C:\Users\joao.brito\AppData\Local\Programs\MiKTeX\tex/latex/pdflscape\pdflscape.sty
Package: pdflscape 2022-10-27 v0.13 Display of landscape pages in PDF
 (C:\Users\joao.brito\AppData\Local\Programs\MiKTeX\tex/latex/pdflscape\pdflscape-nometadata.sty
Package: pdflscape-nometadata 2022-10-28 v0.13 Display of landscape pages in PDF (HO)
Package pdflscape Info: Auto-detected driver: pdftex on input line 81.
))
<Chapters/thesis.pdf, id=218, 598.235pt x 845.1575pt>
File: Chapters/thesis.pdf Graphic file (type pdf)
<use Chapters/thesis.pdf>
Package pdftex.def Info: Chapters/thesis.pdf  used on input line 122.
(pdftex.def)             Requested size: 598.23354pt x 845.15544pt.
File: Chapters/thesis.pdf Graphic file (type pdf)
<use Chapters/thesis.pdf>
Package pdftex.def Info: Chapters/thesis.pdf  used on input line 122.
(pdftex.def)             Requested size: 598.23354pt x 845.15544pt.
<Chapters/thesis.pdf, id=221, page=1, 598.235pt x 845.1575pt>
File: Chapters/thesis.pdf Graphic file (type pdf)
<use Chapters/thesis.pdf, page 1>
Package pdftex.def Info: Chapters/thesis.pdf , page1 used on input line 122.
(pdftex.def)             Requested size: 598.23354pt x 845.15544pt.
File: Chapters/thesis.pdf Graphic file (type pdf)
<use Chapters/thesis.pdf, page 1>
Package pdftex.def Info: Chapters/thesis.pdf , page1 used on input line 122.
(pdftex.def)             Requested size: 597.7406pt x 844.45905pt.
File: Chapters/thesis.pdf Graphic file (type pdf)
<use Chapters/thesis.pdf, page 1>
Package pdftex.def Info: Chapters/thesis.pdf , page1 used on input line 122.
(pdftex.def)             Requested size: 597.7406pt x 844.45905pt.
File: Chapters/thesis.pdf Graphic file (type pdf)
<use Chapters/thesis.pdf, page 1>
Package pdftex.def Info: Chapters/thesis.pdf , page1 used on input line 122.
(pdftex.def)             Requested size: 597.7406pt x 844.45905pt.
File: Chapters/thesis.pdf Graphic file (type pdf)
<use Chapters/thesis.pdf, page 1>
Package pdftex.def Info: Chapters/thesis.pdf , page1 used on input line 122.
(pdftex.def)             Requested size: 597.7406pt x 844.45905pt.
 [1


 <./Chapters/thesis.pdf>]
File: Chapters/thesis.pdf Graphic file (type pdf)
<use Chapters/thesis.pdf>
Package pdftex.def Info: Chapters/thesis.pdf  used on input line 124.
(pdftex.def)             Requested size: 598.23354pt x 845.15544pt.
File: Chapters/thesis.pdf Graphic file (type pdf)
<use Chapters/thesis.pdf>
Package pdftex.def Info: Chapters/thesis.pdf  used on input line 124.
(pdftex.def)             Requested size: 598.23354pt x 845.15544pt.
<Chapters/thesis.pdf, id=244, page=2, 598.235pt x 845.1575pt>
File: Chapters/thesis.pdf Graphic file (type pdf)
<use Chapters/thesis.pdf, page 2>
Package pdftex.def Info: Chapters/thesis.pdf , page2 used on input line 124.
(pdftex.def)             Requested size: 598.23354pt x 845.15544pt.
File: Chapters/thesis.pdf Graphic file (type pdf)
<use Chapters/thesis.pdf, page 2>
Package pdftex.def Info: Chapters/thesis.pdf , page2 used on input line 124.
(pdftex.def)             Requested size: 597.7406pt x 844.45905pt.
File: Chapters/thesis.pdf Graphic file (type pdf)
<use Chapters/thesis.pdf, page 2>
Package pdftex.def Info: Chapters/thesis.pdf , page2 used on input line 124.
(pdftex.def)             Requested size: 597.7406pt x 844.45905pt.
File: Chapters/thesis.pdf Graphic file (type pdf)
<use Chapters/thesis.pdf, page 2>
Package pdftex.def Info: Chapters/thesis.pdf , page2 used on input line 124.
(pdftex.def)             Requested size: 597.7406pt x 844.45905pt.
File: Chapters/thesis.pdf Graphic file (type pdf)
<use Chapters/thesis.pdf, page 2>
Package pdftex.def Info: Chapters/thesis.pdf , page2 used on input line 124.
(pdftex.def)             Requested size: 597.7406pt x 844.45905pt.
 [2


 <./Chapters/thesis.pdf>]
\openout2 = `Chapters/00abs.aux'.

 (Chapters/00abs.tex [1



{C:/Users/joao.brito/AppData/Local/MiKTeX/fonts/map/pdftex/pdftex.map}{C:/Users/joao.brito/AppData/Local/Programs/MiKTeX/fonts/enc/dvips/lm/lm-ec.enc}] [2

]) [3

] (thesis.toc
LaTeX Font Info:    Trying to load font information for OT1+lmr on input line 10.
 (C:\Users\joao.brito\AppData\Local\Programs\MiKTeX\tex/latex/lm\ot1lmr.fd
File: ot1lmr.fd 2015/05/01 v1.6.1 Font defs for Latin Modern
)
LaTeX Font Info:    Trying to load font information for OML+lmm on input line 10.
 (C:\Users\joao.brito\AppData\Local\Programs\MiKTeX\tex/latex/lm\omllmm.fd
File: omllmm.fd 2015/05/01 v1.6.1 Font defs for Latin Modern
)
LaTeX Font Info:    Trying to load font information for OMS+lmsy on input line 10.
 (C:\Users\joao.brito\AppData\Local\Programs\MiKTeX\tex/latex/lm\omslmsy.fd
File: omslmsy.fd 2015/05/01 v1.6.1 Font defs for Latin Modern
)
LaTeX Font Info:    Trying to load font information for OMX+lmex on input line 10.
 (C:\Users\joao.brito\AppData\Local\Programs\MiKTeX\tex/latex/lm\omxlmex.fd
File: omxlmex.fd 2015/05/01 v1.6.1 Font defs for Latin Modern
)
LaTeX Font Info:    External font `lmex10' loaded for size
(Font)              <10.95> on input line 10.
LaTeX Font Info:    External font `lmex10' loaded for size
(Font)              <8> on input line 10.
LaTeX Font Info:    External font `lmex10' loaded for size
(Font)              <6> on input line 10.
LaTeX Font Info:    Trying to load font information for U+msa on input line 10.
 (C:\Users\joao.brito\AppData\Local\Programs\MiKTeX\tex/latex/amsfonts\umsa.fd
File: umsa.fd 2013/01/14 v3.01 AMS symbols A
) (C:\Users\joao.brito\AppData\Local\Programs\MiKTeX\tex/latex/microtype\mt-msa.cfg
File: mt-msa.cfg 2006/02/04 v1.1 microtype config. file: AMS symbols (a) (RS)
)
LaTeX Font Info:    Trying to load font information for U+msb on input line 10.
 (C:\Users\joao.brito\AppData\Local\Programs\MiKTeX\tex/latex/amsfonts\umsb.fd
File: umsb.fd 2013/01/14 v3.01 AMS symbols B
) (C:\Users\joao.brito\AppData\Local\Programs\MiKTeX\tex/latex/microtype\mt-msb.cfg
File: mt-msb.cfg 2005/06/01 v1.0 microtype config. file: AMS symbols (b) (RS)
) [4



]
Package acronym Info: Label `acro:FoV' newly defined as it shall be overridden
although it is yet undefined on input line 39.
 [5{C:/Users/joao.brito/AppData/Local/Programs/MiKTeX/fonts/enc/dvips/lm/lm-mathit.enc}{C:/Users/joao.brito/AppData/Local/Programs/MiKTeX/fonts/enc/dvips/lm/lm-rm.enc}])
\tf@toc=\write5
\openout5 = `thesis.toc'.

 [6] (thesis.lot)
\tf@lot=\write6
\openout6 = `thesis.lot'.

 [7

] (thesis.lof
Package acronym Info: Label `acro:AR' newly defined as it shall be overridden
although it is yet undefined on input line 8.
 [8

]
Package acronym Info: Label `acro:FoV' overridden on input line 28.
 [9])
\tf@lof=\write7
\openout7 = `thesis.lof'.

 [10] (acros.tex) [11

]
\openout2 = `Chapters/01intro.aux'.

 (Chapters/01intro.tex
Chapter 1.
Package acronym Info: Label `acro:AR' overridden on input line 5.
Package acronym Info: Label `acro:VR' newly defined as it shall be overridden
although it is yet undefined on input line 5.
Package acronym Info: Label `acro:CGI' newly defined as it shall be overridden
although it is yet undefined on input line 8.

Package acronym Warning: Acronym CGI is not defined on input line 8.


Package acronym Warning: Acronym CGI is not defined on input line 8.


pdfTeX warning (ext4): destination with the same identifier (name{page.1}) has been already used, duplicate ignored
<to be read again> 
                   \relax 
l.12 
      [1



]

Package natbib Warning: Citation `wtvision' on page 2 undefined on input line 21.


pdfTeX warning (ext4): destination with the same identifier (name{page.2}) has been already used, duplicate ignored
<to be read again> 
                   \relax 
l.29 
      [2]
LaTeX Font Info:    Trying to load font information for TS1+lmr on input line 41.
 (C:\Users\joao.brito\AppData\Local\Programs\MiKTeX\tex/latex/lm\ts1lmr.fd
File: ts1lmr.fd 2015/05/01 v1.6.1 Font defs for Latin Modern
) [3{C:/Users/joao.brito/AppData/Local/Programs/MiKTeX/fonts/enc/dvips/lm/lm-ts1.enc}]
<Images/01intro/Cone.png, id=502, 1445.4pt x 813.0375pt>
File: Images/01intro/Cone.png Graphic file (type png)
<use Images/01intro/Cone.png>
Package pdftex.def Info: Images/01intro/Cone.png  used on input line 86.
(pdftex.def)             Requested size: 455.24408pt x 256.07095pt.
 [4]
<Images/01intro/FoV_procedure.png, id=509, 1445.4pt x 813.0375pt>
File: Images/01intro/FoV_procedure.png Graphic file (type png)
<use Images/01intro/FoV_procedure.png>
Package pdftex.def Info: Images/01intro/FoV_procedure.png  used on input line 97.
(pdftex.def)             Requested size: 455.24408pt x 256.07095pt.


LaTeX Warning: `h' float specifier changed to `ht'.

<Images/01intro/K1_pro.png, id=512, 1445.4pt x 813.0375pt>
File: Images/01intro/K1_pro.png Graphic file (type png)
<use Images/01intro/K1_pro.png>
Package pdftex.def Info: Images/01intro/K1_pro.png  used on input line 106.
(pdftex.def)             Requested size: 455.24408pt x 256.07095pt.

LaTeX Warning: `h' float specifier changed to `ht'.

LaTeX Font Info:    External font `lmex10' loaded for size
(Font)              <9> on input line 111.
LaTeX Font Info:    External font `lmex10' loaded for size
(Font)              <5> on input line 111.
<Images/02stateart/Calibration Parameters.png, id=515, 942.52126pt x 680.5425pt>
File: Images/02stateart/Calibration Parameters.png Graphic file (type png)
<use Images/02stateart/Calibration Parameters.png>
Package pdftex.def Info: Images/02stateart/Calibration Parameters.png  used on input line 119.
(pdftex.def)             Requested size: 455.24408pt x 328.71277pt.
[5 <./Images/01intro/Cone.png>]

LaTeX Warning: `h' float specifier changed to `ht'.

[6 <./Images/01intro/FoV_procedure.png> <./Images/01intro/K1_pro.png>] [7 <./Images/02stateart/Calibration Parameters.png>]) [8]
\openout2 = `Chapters/02stateart.aux'.

 (Chapters/02stateart.tex
Chapter 2.
Package acronym Info: Label `acro:AR' overridden on input line 8.
Package acronym Info: Label `acro:VR' overridden on input line 15.
<Images/02stateart/AG_4.jpeg, id=557, 1606.0pt x 903.375pt>
File: Images/02stateart/AG_4.jpeg Graphic file (type jpg)
<use Images/02stateart/AG_4.jpeg>
Package pdftex.def Info: Images/02stateart/AG_4.jpeg  used on input line 21.
(pdftex.def)             Requested size: 455.24408pt x 256.07233pt.

LaTeX Warning: `h' float specifier changed to `ht'.

<Images/02stateart/AG_4_overlay.jpeg, id=560, 1606.0pt x 903.375pt>
File: Images/02stateart/AG_4_overlay.jpeg Graphic file (type jpg)
<use Images/02stateart/AG_4_overlay.jpeg>
Package pdftex.def Info: Images/02stateart/AG_4_overlay.jpeg  used on input line 28.
(pdftex.def)             Requested size: 455.24408pt x 256.07233pt.

LaTeX Warning: `h' float specifier changed to `ht'.

[9




] [10 <./Images/02stateart/AG_4.jpeg> <./Images/02stateart/AG_4_overlay.jpeg>]
<Images/02stateart/Types-of-lens-distortion-a-Non-distortion-b-Barrel-distortion-c-Pincushion.tif.png, id=576, 204.765pt x 157.5486pt>
File: Images/02stateart/Types-of-lens-distortion-a-Non-distortion-b-Barrel-distortion-c-Pincushion.tif.png Graphic file (type png)
<use Images/02stateart/Types-of-lens-distortion-a-Non-distortion-b-Barrel-distortion-c-Pincushion.tif.png>
Package pdftex.def Info: Images/02stateart/Types-of-lens-distortion-a-Non-distortion-b-Barrel-distortion-c-Pincushion.tif.png  used on input line 39.
(pdftex.def)             Requested size: 455.24408pt x 350.29329pt.
LaTeX Font Info:    External font `lmex10' loaded for size
(Font)              <12> on input line 46.


Package hyperref Warning: Token not allowed in a PDF string (Unicode):
(hyperref)                removing `math shift' on input line 46.


Package hyperref Warning: Token not allowed in a PDF string (Unicode):
(hyperref)                removing `superscript' on input line 46.


Package hyperref Warning: Token not allowed in a PDF string (Unicode):
(hyperref)                removing `math shift' on input line 46.

[11 <./Images/02stateart/Types-of-lens-distortion-a-Non-distortion-b-Barrel-distortion-c-Pincushion.tif.png>]
<Images/02stateart/interface.png, id=584, 1156.32pt x 618.51076pt>
File: Images/02stateart/interface.png Graphic file (type png)
<use Images/02stateart/interface.png>
Package pdftex.def Info: Images/02stateart/interface.png  used on input line 52.
(pdftex.def)             Requested size: 455.24408pt x 243.50214pt.
<Images/02stateart/professional camera.png, id=586, 475.7775pt x 317.185pt>
File: Images/02stateart/professional camera.png Graphic file (type png)
<use Images/02stateart/professional camera.png>
Package pdftex.def Info: Images/02stateart/professional camera.png  used on input line 67.
(pdftex.def)             Requested size: 455.24408pt x 303.51163pt.


LaTeX Warning: `h' float specifier changed to `ht'.

[12 <./Images/02stateart/interface.png>] [13{C:/Users/joao.brito/AppData/Local/Programs/MiKTeX/fonts/enc/dvips/lm/lm-mathex.enc} <./Images/02stateart/professional camera.png>] [14]
<Images/02stateart/pen.png, id=610, 294.09875pt x 158.5925pt>
File: Images/02stateart/pen.png Graphic file (type png)
<use Images/02stateart/pen.png>
Package pdftex.def Info: Images/02stateart/pen.png  used on input line 129.
(pdftex.def)             Requested size: 455.24408pt x 245.49152pt.
LaTeX Font Info:    External font `lmex10' loaded for size
(Font)              <14.4> on input line 135.
LaTeX Font Info:    External font `lmex10' loaded for size
(Font)              <10> on input line 135.
LaTeX Font Info:    External font `lmex10' loaded for size
(Font)              <7> on input line 135.
 [15 <./Images/02stateart/pen.png>] [16]
LaTeX Font Info:    Trying to load font information for T1+pcr on input line 166.
 (C:\Users\joao.brito\AppData\Local\Programs\MiKTeX\tex/latex/psnfss\t1pcr.fd
File: t1pcr.fd 2001/06/04 font definitions for T1/pcr.
)
Package microtype Info: Loading generic protrusion settings for font family
(microtype)             `pcr' (encoding: T1).
(microtype)             For optimal results, create family-specific settings.
(microtype)             See the microtype manual for details.

Overfull \hbox (25.46043pt too wide) in paragraph at lines 176--176
 []    \T1/pcr/m/n/10.95 engine.takeSnapshot "C:/Users/john.doe/Desktop/JornalNoiteTicker"[] 
 []

[17{C:/Users/joao.brito/AppData/Local/Programs/MiKTeX/fonts/enc/dvips/base/8r.enc}] [18]
Overfull \hbox (38.60042pt too wide) in paragraph at lines 224--224
 []    \T1/pcr/m/n/10.95 scene "project_ref/scene_ref" export "export_name" SetValue "value"[] 
 []


Overfull \hbox (45.17041pt too wide) in paragraph at lines 228--228
 []    \T1/pcr/m/n/10.95 scene "project_ref/scene_ref" export "export_name" rename "new_name"[] 
 []


Overfull \hbox (38.60042pt too wide) in paragraph at lines 237--237
 []    \T1/pcr/m/n/10.95 scene "JornalNoite/teste" export "transform.scale" SetValue "1,2,1"[] 
 []

[19]) [20]
\openout2 = `Chapters/03Edge_detection.aux'.

 (Chapters/03Edge_detection.tex
Chapter 3.
Package acronym Info: Label `acro:AR' overridden on input line 3.
<Images/03edgedetect/pumpkin.png, id=663, 733.74126pt x 291.0875pt>
File: Images/03edgedetect/pumpkin.png Graphic file (type png)
<use Images/03edgedetect/pumpkin.png>
Package pdftex.def Info: Images/03edgedetect/pumpkin.png  used on input line 21.
(pdftex.def)             Requested size: 455.24408pt x 180.60562pt.
[21




]
<Images/02stateart/br1.png, id=679, 1445.4pt x 813.0375pt>
File: Images/02stateart/br1.png Graphic file (type png)
<use Images/02stateart/br1.png>
Package pdftex.def Info: Images/02stateart/br1.png  used on input line 36.
(pdftex.def)             Requested size: 455.24408pt x 256.07095pt.


LaTeX Warning: `h' float specifier changed to `ht'.

<Images/02stateart/edge_detection.png, id=680, 721.19438pt x 407.27156pt>
File: Images/02stateart/edge_detection.png Graphic file (type png)
<use Images/02stateart/edge_detection.png>
Package pdftex.def Info: Images/02stateart/edge_detection.png  used on input line 43.
(pdftex.def)             Requested size: 455.24408pt x 257.0858pt.

LaTeX Warning: `h' float specifier changed to `ht'.

[22 <./Images/03edgedetect/pumpkin.png>] [23 <./Images/02stateart/br1.png> <./Images/02stateart/edge_detection.png>]
<Images/03edgedetect/1.png, id=696, 443.256pt x 239.09325pt>
File: Images/03edgedetect/1.png Graphic file (type png)
<use Images/03edgedetect/1.png>
Package pdftex.def Info: Images/03edgedetect/1.png  used on input line 66.
(pdftex.def)             Requested size: 455.24408pt x 245.56102pt.
 [24 <./Images/03edgedetect/1.png>]
<Images/03edgedetect/2.png, id=706, 443.85825pt x 231.86626pt>
File: Images/03edgedetect/2.png Graphic file (type png)
<use Images/03edgedetect/2.png>
Package pdftex.def Info: Images/03edgedetect/2.png  used on input line 89.
(pdftex.def)             Requested size: 455.24408pt x 237.8201pt.
<Images/03edgedetect/3.png, id=707, 441.44925pt x 233.07076pt>
File: Images/03edgedetect/3.png Graphic file (type png)
<use Images/03edgedetect/3.png>
Package pdftex.def Info: Images/03edgedetect/3.png  used on input line 99.
(pdftex.def)             Requested size: 455.24408pt x 240.35716pt.


LaTeX Warning: `h' float specifier changed to `ht'.

[25 <./Images/03edgedetect/2.png>]
<Images/03edgedetect/4.png, id=718, 440.24475pt x 233.07076pt>
File: Images/03edgedetect/4.png Graphic file (type png)
<use Images/03edgedetect/4.png>
Package pdftex.def Info: Images/03edgedetect/4.png  used on input line 113.
(pdftex.def)             Requested size: 455.24408pt x 241.0222pt.


LaTeX Warning: `h' float specifier changed to `ht'.

<Images/03edgedetect/5.png, id=720, 443.256pt x 233.07076pt>
File: Images/03edgedetect/5.png Graphic file (type png)
<use Images/03edgedetect/5.png>
Package pdftex.def Info: Images/03edgedetect/5.png  used on input line 120.
(pdftex.def)             Requested size: 455.24408pt x 239.37561pt.

LaTeX Warning: `h' float specifier changed to `ht'.

<Images/03edgedetect/6.png, id=722, 440.847pt x 230.0595pt>
File: Images/03edgedetect/6.png Graphic file (type png)
<use Images/03edgedetect/6.png>
Package pdftex.def Info: Images/03edgedetect/6.png  used on input line 127.
(pdftex.def)             Requested size: 455.24408pt x 237.57123pt.

LaTeX Warning: `h' float specifier changed to `ht'.

<Images/02stateart/edge_detection_1.png, id=724, 720.89325pt x 402.303pt>
File: Images/02stateart/edge_detection_1.png Graphic file (type png)
<use Images/02stateart/edge_detection_1.png>
Package pdftex.def Info: Images/02stateart/edge_detection_1.png  used on input line 143.
(pdftex.def)             Requested size: 204.85844pt x 114.31992pt.
<Images/02stateart/edge_detection_2.png, id=725, 720.89325pt x 401.0985pt>
File: Images/02stateart/edge_detection_2.png Graphic file (type png)
<use Images/02stateart/edge_detection_2.png>
Package pdftex.def Info: Images/02stateart/edge_detection_2.png  used on input line 149.
(pdftex.def)             Requested size: 204.85844pt x 113.97763pt.
<Images/02stateart/edge_detection_3.png, id=726, 723.30225pt x 407.72325pt>
File: Images/02stateart/edge_detection_3.png Graphic file (type png)
<use Images/02stateart/edge_detection_3.png>
Package pdftex.def Info: Images/02stateart/edge_detection_3.png  used on input line 158.
(pdftex.def)             Requested size: 204.85844pt x 115.47443pt.
<Images/02stateart/edge_detection_4.png, id=727, 723.30225pt x 404.10976pt>
File: Images/02stateart/edge_detection_4.png Graphic file (type png)
<use Images/02stateart/edge_detection_4.png>
Package pdftex.def Info: Images/02stateart/edge_detection_4.png  used on input line 164.
(pdftex.def)             Requested size: 204.85844pt x 114.45102pt.
<Images/02stateart/edge_detection_5.png, id=728, 719.68875pt x 401.70074pt>
File: Images/02stateart/edge_detection_5.png Graphic file (type png)
<use Images/02stateart/edge_detection_5.png>
Package pdftex.def Info: Images/02stateart/edge_detection_5.png  used on input line 173.
(pdftex.def)             Requested size: 204.85844pt x 114.34491pt.
<Images/02stateart/edge_detection_6.png, id=729, 719.68875pt x 403.5075pt>
File: Images/02stateart/edge_detection_6.png Graphic file (type png)
<use Images/02stateart/edge_detection_6.png>
Package pdftex.def Info: Images/02stateart/edge_detection_6.png  used on input line 179.
(pdftex.def)             Requested size: 204.85844pt x 114.85922pt.
<Images/02stateart/edge_detection_7.png, id=730, 719.68875pt x 403.5075pt>
File: Images/02stateart/edge_detection_7.png Graphic file (type png)
<use Images/02stateart/edge_detection_7.png>
Package pdftex.def Info: Images/02stateart/edge_detection_7.png  used on input line 188.
(pdftex.def)             Requested size: 204.85844pt x 114.85922pt.
<Images/02stateart/edge_detection_8.png, id=731, 724.50674pt x 404.712pt>
File: Images/02stateart/edge_detection_8.png Graphic file (type png)
<use Images/02stateart/edge_detection_8.png>
Package pdftex.def Info: Images/02stateart/edge_detection_8.png  used on input line 194.
(pdftex.def)             Requested size: 204.85844pt x 114.43016pt.
[26{C:/Users/joao.brito/AppData/Local/Programs/MiKTeX/fonts/enc/dvips/lm/lm-mathsy.enc} <./Images/03edgedetect/3.png>]

LaTeX Warning: `!h' float specifier changed to `!ht'.

) [27 <./Images/03edgedetect/4.png> <./Images/03edgedetect/5.png>] [28 <./Images/03edgedetect/6.png>]

LaTeX Warning: Text page 29 contains only floats.

[29 <./Images/02stateart/edge_detection_1.png> <./Images/02stateart/edge_detection_2.png> <./Images/02stateart/edge_detection_3.png> <./Images/02stateart/edge_detection_4.png> <./Images/02stateart/edge_detection_5.png> <./Images/02stateart/edge_detection_6.png> <./Images/02stateart/edge_detection_7.png> <./Images/02stateart/edge_detection_8.png>]
\openout2 = `Chapters/04dof.aux'.

 (Chapters/04dof.tex
Chapter 4.
Package acronym Info: Label `acro:FoV' overridden on input line 9.
[30




]
<Images/04calibration/1.png, id=780, 483.60675pt x 274.626pt>
File: Images/04calibration/1.png Graphic file (type png)
<use Images/04calibration/1.png>
Package pdftex.def Info: Images/04calibration/1.png  used on input line 28.
(pdftex.def)             Requested size: 204.85844pt x 116.33527pt.
<Images/04calibration/2.png, id=781, 611.28375pt x 344.03531pt>
File: Images/04calibration/2.png Graphic file (type png)
<use Images/04calibration/2.png>
Package pdftex.def Info: Images/04calibration/2.png  used on input line 34.
(pdftex.def)             Requested size: 204.85844pt x 115.29585pt.
<Images/04calibration/3.png, id=782, 721.4955pt x 398.6895pt>
File: Images/04calibration/3.png Graphic file (type png)
<use Images/04calibration/3.png>
Package pdftex.def Info: Images/04calibration/3.png  used on input line 42.
(pdftex.def)             Requested size: 204.85844pt x 113.20184pt.
<Images/04calibration/4.png, id=783, 611.28375pt x 343.2825pt>
File: Images/04calibration/4.png Graphic file (type png)
<use Images/04calibration/4.png>
Package pdftex.def Info: Images/04calibration/4.png  used on input line 48.
(pdftex.def)             Requested size: 204.85844pt x 115.04355pt.


LaTeX Warning: `h' float specifier changed to `ht'.

<Images/04calibration/5.png, id=784, 498.06075pt x 275.22826pt>
File: Images/04calibration/5.png Graphic file (type png)
<use Images/04calibration/5.png>
Package pdftex.def Info: Images/04calibration/5.png  used on input line 59.
(pdftex.def)             Requested size: 204.85844pt x 113.20547pt.

LaTeX Warning: `h' float specifier changed to `ht'.


Package hyperref Warning: Token not allowed in a PDF string (Unicode):
(hyperref)                removing `\@ac' on input line 64.

[31] [32 <./Images/04calibration/1.png> <./Images/04calibration/2.png> <./Images/04calibration/3.png> <./Images/04calibration/4.png> <./Images/04calibration/5.png>]
<Images/04calibration/6.png, id=808, 715.473pt x 404.712pt>
File: Images/04calibration/6.png Graphic file (type png)
<use Images/04calibration/6.png>
Package pdftex.def Info: Images/04calibration/6.png  used on input line 80.
(pdftex.def)             Requested size: 204.85844pt x 115.8752pt.
<Images/04calibration/7.png, id=809, 724.50674pt x 402.303pt>
File: Images/04calibration/7.png Graphic file (type png)
<use Images/04calibration/7.png>
Package pdftex.def Info: Images/04calibration/7.png  used on input line 86.
(pdftex.def)             Requested size: 204.85844pt x 113.74902pt.
<Images/04calibration/8.png, id=810, 721.4955pt x 402.303pt>
File: Images/04calibration/8.png Graphic file (type png)
<use Images/04calibration/8.png>
Package pdftex.def Info: Images/04calibration/8.png  used on input line 94.
(pdftex.def)             Requested size: 204.85844pt x 114.22783pt.
<Images/04calibration/9.png, id=815, 723.9045pt x 400.49625pt>
File: Images/04calibration/9.png Graphic file (type png)
<use Images/04calibration/9.png>
Package pdftex.def Info: Images/04calibration/9.png  used on input line 106.
(pdftex.def)             Requested size: 204.85844pt x 113.33595pt.
<Images/04calibration/10.png, id=816, 718.48425pt x 398.6895pt>
File: Images/04calibration/10.png Graphic file (type png)
<use Images/04calibration/10.png>
Package pdftex.def Info: Images/04calibration/10.png  used on input line 112.
(pdftex.def)             Requested size: 204.85844pt x 113.67635pt.
<Images/04calibration/11.png, id=817, 714.87074pt x 400.49625pt>
File: Images/04calibration/11.png Graphic file (type png)
<use Images/04calibration/11.png>
Package pdftex.def Info: Images/04calibration/11.png  used on input line 120.
(pdftex.def)             Requested size: 204.85844pt x 114.76595pt.


LaTeX Warning: `h' float specifier changed to `ht'.

[33 <./Images/04calibration/6.png> <./Images/04calibration/7.png> <./Images/04calibration/8.png>] [34 <./Images/04calibration/9.png> <./Images/04calibration/10.png> <./Images/04calibration/11.png>]
<Images/04calibration/novos_resul.png, id=841, 1579.8222pt x 558.6471pt>
File: Images/04calibration/novos_resul.png Graphic file (type png)
<use Images/04calibration/novos_resul.png>
Package pdftex.def Info: Images/04calibration/novos_resul.png  used on input line 152.
(pdftex.def)             Requested size: 500.77126pt x 177.07439pt.

Overfull \hbox (45.52718pt too wide) in paragraph at lines 152--153
 [][] 
 []

) [35 <./Images/04calibration/novos_resul.png>]
\openout2 = `Chapters/05vibration.aux'.

 (Chapters/05vibration.tex
Chapter 5.
[36




]
<Images/05optimize/Mockboard.png, id=853, 841.64438pt x 527.72156pt>
File: Images/05optimize/Mockboard.png Graphic file (type png)
<use Images/05optimize/Mockboard.png>
Package pdftex.def Info: Images/05optimize/Mockboard.png  used on input line 22.
(pdftex.def)             Requested size: 455.24408pt x 285.44855pt.
<Images/05optimize/webapi.png, id=855, 1441.63594pt x 780.66656pt>
File: Images/05optimize/webapi.png Graphic file (type png)
<use Images/05optimize/webapi.png>
Package pdftex.def Info: Images/05optimize/webapi.png  used on input line 37.
(pdftex.def)             Requested size: 455.24408pt x 246.51878pt.


LaTeX Warning: `h' float specifier changed to `ht'.

[37 <./Images/05optimize/Mockboard.png>]
<Images/05optimize/r_graph.png, id=868, 2013.4422pt x 570.2103pt>
File: Images/05optimize/r_graph.png Graphic file (type png)
<use Images/05optimize/r_graph.png>
Package pdftex.def Info: Images/05optimize/r_graph.png  used on input line 70.
(pdftex.def)             Requested size: 455.24408pt x 128.92693pt.
 [38 <./Images/05optimize/webapi.png>]) [39 <./Images/05optimize/r_graph.png>]
\openout2 = `Chapters/06interface.aux'.

 (Chapters/06interface.tex
Chapter 6.
[40




]) [41]
\openout2 = `Chapters/07conclusion.aux'.

 (Chapters/07conclusion.tex
Chapter 7.
) [42




]
\openout2 = `Chapters/08annex.aux'.

 (Chapters/08annex.tex
Chapter 8.

Overfull \hbox (41.05534pt too wide) in alignment at lines 5--10
 [] [] 
 []


Overfull \hbox (41.05534pt too wide) in alignment at lines 10--15
 [] [] 
 []


Overfull \hbox (41.05534pt too wide) in alignment at lines 15--18
 [] [] 
 []


Overfull \hbox (41.05534pt too wide) in alignment at lines 18--21
 [] [] 
 []


Underfull \hbox (badness 10000) in paragraph at lines 23--24
[]|\T1/lmr/m/n/10.95 (+20) text/html, ap-plic-a-tion/x-html+xml, ap-plic-a-tion/xml;q=0.9,
 []


Underfull \hbox (badness 10000) in paragraph at lines 47--48
[]|\T1/lmr/m/n/10.95 (+20) "Not(A:Brand";v="99", "Google Chrome";v="133", "Chro-
 []


Overfull \hbox (41.05534pt too wide) in alignment at lines 21--53
 [] [] 
 []


Overfull \hbox (41.05534pt too wide) has occurred while \output is active
 [] [] 
 []

[43




]
Overfull \hbox (41.05534pt too wide) has occurred while \output is active
 [] [] 
 []

<Images/08annex/results/1.2.png, id=900, 1445.4pt x 813.0375pt>
File: Images/08annex/results/1.2.png Graphic file (type png)
<use Images/08annex/results/1.2.png>
Package pdftex.def Info: Images/08annex/results/1.2.png  used on input line 61.
(pdftex.def)             Requested size: 204.85844pt x 115.22633pt.
<Images/08annex/results/1.3.png, id=901, 1445.4pt x 813.0375pt>
File: Images/08annex/results/1.3.png Graphic file (type png)
<use Images/08annex/results/1.3.png>
Package pdftex.def Info: Images/08annex/results/1.3.png  used on input line 67.
(pdftex.def)             Requested size: 204.85844pt x 115.22633pt.
<Images/08annex/results/1.4.png, id=902, 1445.4pt x 813.0375pt>
File: Images/08annex/results/1.4.png Graphic file (type png)
<use Images/08annex/results/1.4.png>
Package pdftex.def Info: Images/08annex/results/1.4.png  used on input line 75.
(pdftex.def)             Requested size: 204.85844pt x 115.22633pt.
<Images/08annex/results/2.2.png, id=903, 1445.4pt x 813.0375pt>
File: Images/08annex/results/2.2.png Graphic file (type png)
<use Images/08annex/results/2.2.png>
Package pdftex.def Info: Images/08annex/results/2.2.png  used on input line 87.
(pdftex.def)             Requested size: 204.85844pt x 115.22633pt.
<Images/08annex/results/2.3.png, id=904, 1445.4pt x 813.0375pt>
File: Images/08annex/results/2.3.png Graphic file (type png)
<use Images/08annex/results/2.3.png>
Package pdftex.def Info: Images/08annex/results/2.3.png  used on input line 93.
(pdftex.def)             Requested size: 204.85844pt x 115.22633pt.
<Images/08annex/results/2.4.png, id=905, 1445.4pt x 813.0375pt>
File: Images/08annex/results/2.4.png Graphic file (type png)
<use Images/08annex/results/2.4.png>
Package pdftex.def Info: Images/08annex/results/2.4.png  used on input line 101.
(pdftex.def)             Requested size: 204.85844pt x 115.22633pt.

LaTeX Warning: `h' float specifier changed to `ht'.

<Images/08annex/results/3.2.png, id=906, 1445.4pt x 813.0375pt>
File: Images/08annex/results/3.2.png Graphic file (type png)
<use Images/08annex/results/3.2.png>
Package pdftex.def Info: Images/08annex/results/3.2.png  used on input line 113.
(pdftex.def)             Requested size: 204.85844pt x 115.22633pt.
<Images/08annex/results/3.3.png, id=907, 1445.4pt x 813.0375pt>
File: Images/08annex/results/3.3.png Graphic file (type png)
<use Images/08annex/results/3.3.png>
Package pdftex.def Info: Images/08annex/results/3.3.png  used on input line 119.
(pdftex.def)             Requested size: 204.85844pt x 115.22633pt.
<Images/08annex/results/3.4.png, id=908, 1445.4pt x 813.0375pt>
File: Images/08annex/results/3.4.png Graphic file (type png)
<use Images/08annex/results/3.4.png>
Package pdftex.def Info: Images/08annex/results/3.4.png  used on input line 127.
(pdftex.def)             Requested size: 204.85844pt x 115.22633pt.

LaTeX Warning: `h' float specifier changed to `ht'.

<Images/08annex/results/4.2.png, id=909, 1445.4pt x 813.0375pt>
File: Images/08annex/results/4.2.png Graphic file (type png)
<use Images/08annex/results/4.2.png>
Package pdftex.def Info: Images/08annex/results/4.2.png  used on input line 139.
(pdftex.def)             Requested size: 204.85844pt x 115.22633pt.
<Images/08annex/results/4.3.png, id=910, 1445.4pt x 813.0375pt>
File: Images/08annex/results/4.3.png Graphic file (type png)
<use Images/08annex/results/4.3.png>
Package pdftex.def Info: Images/08annex/results/4.3.png  used on input line 145.
(pdftex.def)             Requested size: 204.85844pt x 115.22633pt.
<Images/08annex/results/4.4.png, id=911, 1445.4pt x 813.0375pt>
File: Images/08annex/results/4.4.png Graphic file (type png)
<use Images/08annex/results/4.4.png>
Package pdftex.def Info: Images/08annex/results/4.4.png  used on input line 153.
(pdftex.def)             Requested size: 204.85844pt x 115.22633pt.

LaTeX Warning: `h' float specifier changed to `ht'.

<Images/08annex/results/5.2.png, id=912, 1445.4pt x 813.0375pt>
File: Images/08annex/results/5.2.png Graphic file (type png)
<use Images/08annex/results/5.2.png>
Package pdftex.def Info: Images/08annex/results/5.2.png  used on input line 165.
(pdftex.def)             Requested size: 204.85844pt x 115.22633pt.
<Images/08annex/results/5.3.png, id=913, 1445.4pt x 813.0375pt>
File: Images/08annex/results/5.3.png Graphic file (type png)
<use Images/08annex/results/5.3.png>
Package pdftex.def Info: Images/08annex/results/5.3.png  used on input line 171.
(pdftex.def)             Requested size: 204.85844pt x 115.22633pt.
<Images/08annex/results/5.4.png, id=914, 1445.4pt x 813.0375pt>
File: Images/08annex/results/5.4.png Graphic file (type png)
<use Images/08annex/results/5.4.png>
Package pdftex.def Info: Images/08annex/results/5.4.png  used on input line 179.
(pdftex.def)             Requested size: 204.85844pt x 115.22633pt.

LaTeX Warning: `h' float specifier changed to `ht'.

<Images/08annex/results/6.2.png, id=915, 1445.4pt x 813.0375pt>
File: Images/08annex/results/6.2.png Graphic file (type png)
<use Images/08annex/results/6.2.png>
Package pdftex.def Info: Images/08annex/results/6.2.png  used on input line 191.
(pdftex.def)             Requested size: 204.85844pt x 115.22633pt.
<Images/08annex/results/6.3.png, id=916, 1445.4pt x 813.0375pt>
File: Images/08annex/results/6.3.png Graphic file (type png)
<use Images/08annex/results/6.3.png>
Package pdftex.def Info: Images/08annex/results/6.3.png  used on input line 197.
(pdftex.def)             Requested size: 204.85844pt x 115.22633pt.
<Images/08annex/results/6.4.png, id=917, 1445.4pt x 813.0375pt>
File: Images/08annex/results/6.4.png Graphic file (type png)
<use Images/08annex/results/6.4.png>
Package pdftex.def Info: Images/08annex/results/6.4.png  used on input line 205.
(pdftex.def)             Requested size: 204.85844pt x 115.22633pt.

LaTeX Warning: `h' float specifier changed to `ht'.

<Images/08annex/results/7.2.png, id=918, 1445.4pt x 813.0375pt>
File: Images/08annex/results/7.2.png Graphic file (type png)
<use Images/08annex/results/7.2.png>
Package pdftex.def Info: Images/08annex/results/7.2.png  used on input line 217.
(pdftex.def)             Requested size: 204.85844pt x 115.22633pt.
<Images/08annex/results/7.3.png, id=919, 1445.4pt x 813.0375pt>
File: Images/08annex/results/7.3.png Graphic file (type png)
<use Images/08annex/results/7.3.png>
Package pdftex.def Info: Images/08annex/results/7.3.png  used on input line 223.
(pdftex.def)             Requested size: 204.85844pt x 115.22633pt.
<Images/08annex/results/7.4.png, id=920, 1445.4pt x 813.0375pt>
File: Images/08annex/results/7.4.png Graphic file (type png)
<use Images/08annex/results/7.4.png>
Package pdftex.def Info: Images/08annex/results/7.4.png  used on input line 231.
(pdftex.def)             Requested size: 204.85844pt x 115.22633pt.

LaTeX Warning: `h' float specifier changed to `ht'.

<Images/08annex/results/8.2.png, id=921, 1445.4pt x 813.0375pt>
File: Images/08annex/results/8.2.png Graphic file (type png)
<use Images/08annex/results/8.2.png>
Package pdftex.def Info: Images/08annex/results/8.2.png  used on input line 243.
(pdftex.def)             Requested size: 204.85844pt x 115.22633pt.
<Images/08annex/results/8.3.png, id=922, 1445.4pt x 813.0375pt>
File: Images/08annex/results/8.3.png Graphic file (type png)
<use Images/08annex/results/8.3.png>
Package pdftex.def Info: Images/08annex/results/8.3.png  used on input line 249.
(pdftex.def)             Requested size: 204.85844pt x 115.22633pt.
<Images/08annex/results/8.4.png, id=923, 1445.4pt x 813.0375pt>
File: Images/08annex/results/8.4.png Graphic file (type png)
<use Images/08annex/results/8.4.png>
Package pdftex.def Info: Images/08annex/results/8.4.png  used on input line 257.
(pdftex.def)             Requested size: 204.85844pt x 115.22633pt.

LaTeX Warning: `h' float specifier changed to `ht'.

<Images/08annex/results/9.2.png, id=924, 1445.4pt x 813.0375pt>
File: Images/08annex/results/9.2.png Graphic file (type png)
<use Images/08annex/results/9.2.png>
Package pdftex.def Info: Images/08annex/results/9.2.png  used on input line 269.
(pdftex.def)             Requested size: 204.85844pt x 115.22633pt.
<Images/08annex/results/9.3.png, id=925, 1445.4pt x 813.0375pt>
File: Images/08annex/results/9.3.png Graphic file (type png)
<use Images/08annex/results/9.3.png>
Package pdftex.def Info: Images/08annex/results/9.3.png  used on input line 275.
(pdftex.def)             Requested size: 204.85844pt x 115.22633pt.
<Images/08annex/results/9.4.png, id=926, 1445.4pt x 813.0375pt>
File: Images/08annex/results/9.4.png Graphic file (type png)
<use Images/08annex/results/9.4.png>
Package pdftex.def Info: Images/08annex/results/9.4.png  used on input line 283.
(pdftex.def)             Requested size: 204.85844pt x 115.22633pt.

LaTeX Warning: `h' float specifier changed to `ht'.

<Images/08annex/results/10.2.png, id=927, 1445.4pt x 813.0375pt>
File: Images/08annex/results/10.2.png Graphic file (type png)
<use Images/08annex/results/10.2.png>
Package pdftex.def Info: Images/08annex/results/10.2.png  used on input line 295.
(pdftex.def)             Requested size: 204.85844pt x 115.22633pt.
<Images/08annex/results/10.3.png, id=928, 1445.4pt x 813.0375pt>
File: Images/08annex/results/10.3.png Graphic file (type png)
<use Images/08annex/results/10.3.png>
Package pdftex.def Info: Images/08annex/results/10.3.png  used on input line 301.
(pdftex.def)             Requested size: 204.85844pt x 115.22633pt.
<Images/08annex/results/10.4.png, id=929, 1445.4pt x 813.0375pt>
File: Images/08annex/results/10.4.png Graphic file (type png)
<use Images/08annex/results/10.4.png>
Package pdftex.def Info: Images/08annex/results/10.4.png  used on input line 309.
(pdftex.def)             Requested size: 204.85844pt x 115.22633pt.

LaTeX Warning: `h' float specifier changed to `ht'.

<Images/08annex/results/11.2.png, id=930, 1445.4pt x 813.0375pt>
File: Images/08annex/results/11.2.png Graphic file (type png)
<use Images/08annex/results/11.2.png>
Package pdftex.def Info: Images/08annex/results/11.2.png  used on input line 321.
(pdftex.def)             Requested size: 204.85844pt x 115.22633pt.
<Images/08annex/results/11.3.png, id=931, 1445.4pt x 813.0375pt>
File: Images/08annex/results/11.3.png Graphic file (type png)
<use Images/08annex/results/11.3.png>
Package pdftex.def Info: Images/08annex/results/11.3.png  used on input line 327.
(pdftex.def)             Requested size: 204.85844pt x 115.22633pt.
<Images/08annex/results/11.4.png, id=932, 1445.4pt x 813.0375pt>
File: Images/08annex/results/11.4.png Graphic file (type png)
<use Images/08annex/results/11.4.png>
Package pdftex.def Info: Images/08annex/results/11.4.png  used on input line 335.
(pdftex.def)             Requested size: 204.85844pt x 115.22633pt.

LaTeX Warning: `h' float specifier changed to `ht'.

<Images/08annex/results/12.2.png, id=933, 1445.4pt x 813.0375pt>
File: Images/08annex/results/12.2.png Graphic file (type png)
<use Images/08annex/results/12.2.png>
Package pdftex.def Info: Images/08annex/results/12.2.png  used on input line 347.
(pdftex.def)             Requested size: 204.85844pt x 115.22633pt.
<Images/08annex/results/12.3.png, id=934, 1445.4pt x 813.0375pt>
File: Images/08annex/results/12.3.png Graphic file (type png)
<use Images/08annex/results/12.3.png>
Package pdftex.def Info: Images/08annex/results/12.3.png  used on input line 353.
(pdftex.def)             Requested size: 204.85844pt x 115.22633pt.
<Images/08annex/results/12.4.png, id=935, 1445.4pt x 813.0375pt>
File: Images/08annex/results/12.4.png Graphic file (type png)
<use Images/08annex/results/12.4.png>
Package pdftex.def Info: Images/08annex/results/12.4.png  used on input line 361.
(pdftex.def)             Requested size: 204.85844pt x 115.22633pt.

LaTeX Warning: `h' float specifier changed to `ht'.

<Images/08annex/results/13.2.png, id=936, 1445.4pt x 813.0375pt>
File: Images/08annex/results/13.2.png Graphic file (type png)
<use Images/08annex/results/13.2.png>
Package pdftex.def Info: Images/08annex/results/13.2.png  used on input line 373.
(pdftex.def)             Requested size: 204.85844pt x 115.22633pt.
<Images/08annex/results/13.3.png, id=937, 1445.4pt x 813.0375pt>
File: Images/08annex/results/13.3.png Graphic file (type png)
<use Images/08annex/results/13.3.png>
Package pdftex.def Info: Images/08annex/results/13.3.png  used on input line 379.
(pdftex.def)             Requested size: 204.85844pt x 115.22633pt.
<Images/08annex/results/13.4.png, id=938, 1445.4pt x 813.0375pt>
File: Images/08annex/results/13.4.png Graphic file (type png)
<use Images/08annex/results/13.4.png>
Package pdftex.def Info: Images/08annex/results/13.4.png  used on input line 387.
(pdftex.def)             Requested size: 204.85844pt x 115.22633pt.

LaTeX Warning: `h' float specifier changed to `ht'.

) [44 <./Images/08annex/results/1.2.png> <./Images/08annex/results/1.3.png> <./Images/08annex/results/1.4.png>] [45 <./Images/08annex/results/2.2.png> <./Images/08annex/results/2.3.png> <./Images/08annex/results/2.4.png> <./Images/08annex/results/3.2.png> <./Images/08annex/results/3.3.png> <./Images/08annex/results/3.4.png>] [46 <./Images/08annex/results/4.2.png> <./Images/08annex/results/4.3.png> <./Images/08annex/results/4.4.png> <./Images/08annex/results/5.2.png> <./Images/08annex/results/5.3.png> <./Images/08annex/results/5.4.png>] [47 <./Images/08annex/results/6.2.png> <./Images/08annex/results/6.3.png> <./Images/08annex/results/6.4.png> <./Images/08annex/results/7.2.png> <./Images/08annex/results/7.3.png> <./Images/08annex/results/7.4.png>] [48 <./Images/08annex/results/8.2.png> <./Images/08annex/results/8.3.png> <./Images/08annex/results/8.4.png> <./Images/08annex/results/9.2.png> <./Images/08annex/results/9.3.png> <./Images/08annex/results/9.4.png>] [49 <./Images/08annex/results/10.2.png> <./Images/08annex/results/10.3.png> <./Images/08annex/results/10.4.png> <./Images/08annex/results/11.2.png> <./Images/08annex/results/11.3.png> <./Images/08annex/results/11.4.png>] [50 <./Images/08annex/results/12.2.png> <./Images/08annex/results/12.3.png> <./Images/08annex/results/12.4.png> <./Images/08annex/results/13.2.png> <./Images/08annex/results/13.3.png> <./Images/08annex/results/13.4.png>] (thesis.bbl)

Package natbib Warning: There were undefined citations.

[51




] (thesis.aux (Chapters/00abs.aux) (Chapters/01intro.aux) (Chapters/02stateart.aux) (Chapters/03Edge_detection.aux) (Chapters/04dof.aux) (Chapters/05vibration.aux) (Chapters/06interface.aux) (Chapters/07conclusion.aux) (Chapters/08annex.aux))
 ***********
LaTeX2e <2023-11-01> patch level 1
L3 programming layer <2024-01-04>
 ***********


LaTeX Warning: There were multiply-defined labels.

Package rerunfilecheck Info: File `thesis.out' has not changed.
(rerunfilecheck)             Checksum: 1453ECABB094CFD981B3E7C02FA4FCA9;9982.
 ) 
Here is how much of TeX's memory you used:
 32213 strings out of 474485
 609901 string characters out of 5741374
 1949542 words of memory out of 5000000
 53343 multiletter control sequences out of 15000+600000
 671879 words of font info for 229 fonts, out of 8000000 for 9000
 1141 hyphenation exceptions out of 8191
 94i,17n,107p,1053b,663s stack positions out of 10000i,1000n,20000p,200000b,200000s

pdfTeX warning (dest): name{Hfootnote.3} has been referenced but does not exist, replaced by a fixed one


pdfTeX warning (dest): name{Hfootnote.2} has been referenced but does not exist, replaced by a fixed one


pdfTeX warning (dest): name{Hfootnote.1} has been referenced but does not exist, replaced by a fixed one


pdfTeX warning (dest): name{table.8.1} has been referenced but does not exist, replaced by a fixed one

<C:/Users/joao.brito/AppData/Local/Programs/MiKTeX/fonts/type1/public/lm/lmbx10.pfb><C:/Users/joao.brito/AppData/Local/Programs/MiKTeX/fonts/type1/public/lm/lmbx12.pfb><C:/Users/joao.brito/AppData/Local/Programs/MiKTeX/fonts/type1/public/lm/lmbx9.pfb><C:/Users/joao.brito/AppData/Local/Programs/MiKTeX/fonts/type1/public/lm/lmbxi10.pfb><C:/Users/joao.brito/AppData/Local/Programs/MiKTeX/fonts/type1/public/lm/lmex10.pfb><C:/Users/joao.brito/AppData/Local/Programs/MiKTeX/fonts/type1/public/lm/lmmi10.pfb><C:/Users/joao.brito/AppData/Local/Programs/MiKTeX/fonts/type1/public/lm/lmmi12.pfb><C:/Users/joao.brito/AppData/Local/Programs/MiKTeX/fonts/type1/public/lm/lmmi9.pfb><C:/Users/joao.brito/AppData/Local/Programs/MiKTeX/fonts/type1/public/lm/lmr10.pfb><C:/Users/joao.brito/AppData/Local/Programs/MiKTeX/fonts/type1/public/lm/lmr6.pfb><C:/Users/joao.brito/AppData/Local/Programs/MiKTeX/fonts/type1/public/lm/lmr8.pfb><C:/Users/joao.brito/AppData/Local/Programs/MiKTeX/fonts/type1/public/lm/lmr9.pfb><C:/Users/joao.brito/AppData/Local/Programs/MiKTeX/fonts/type1/public/lm/lmri10.pfb><C:/Users/joao.brito/AppData/Local/Programs/MiKTeX/fonts/type1/public/lm/lmri8.pfb><C:/Users/joao.brito/AppData/Local/Programs/MiKTeX/fonts/type1/public/lm/lmri9.pfb><C:/Users/joao.brito/AppData/Local/Programs/MiKTeX/fonts/type1/public/lm/lmsy10.pfb><C:/Users/joao.brito/AppData/Local/Programs/MiKTeX/fonts/type1/urw/courier/ucrr8a.pfb>
Output written on thesis.pdf (64 pages, 94283155 bytes).
PDF statistics:
 1154 PDF objects out of 1200 (max. 8388607)
 222 named destinations out of 1000 (max. 500000)
 60781 words of extra memory for PDF output out of 61914 (max. 10000000)

